{'application_name': 'vqc_init', 'optimization_objectives': ['value'], 'optimization_iterations': 0, 'models': {'model': 'random_forest', 'number_of_trees': 10, 'max_features': 0.5, 'bootstrap': False, 'min_samples_split': 5}, 'input_parameters': {'x0': {'parameter_type': 'ordinal', 'values': [0, 1.570796327, 3.141592654, -1.570796327], 'parameter_default': 3.141592654, 'prior': 'uniform', 'custom_gaussian_prior_means': False, 'custom_gaussian_prior_stds': False}, 'x1': {'parameter_type': 'ordinal', 'values': [0, 1.570796327, 3.141592654, -1.570796327], 'parameter_default': 1.570796327, 'prior': 'uniform', 'custom_gaussian_prior_means': False, 'custom_gaussian_prior_stds': False}, 'x2': {'parameter_type': 'ordinal', 'values': [0, 1.570796327, 3.141592654, -1.570796327], 'parameter_default': -1.570796327, 'prior': 'uniform', 'custom_gaussian_prior_means': False, 'custom_gaussian_prior_stds': False}, 'x3': {'parameter_type': 'ordinal', 'values': [0, 1.570796327, 3.141592654, -1.570796327], 'parameter_default': 0, 'prior': 'uniform', 'custom_gaussian_prior_means': False, 'custom_gaussian_prior_stds': False}, 'x4': {'parameter_type': 'ordinal', 'values': [0, 1.570796327, 3.141592654, -1.570796327], 'parameter_default': 3.141592654, 'prior': 'uniform', 'custom_gaussian_prior_means': False, 'custom_gaussian_prior_stds': False}, 'x5': {'parameter_type': 'ordinal', 'values': [0, 1.570796327, 3.141592654, -1.570796327], 'parameter_default': 0, 'prior': 'uniform', 'custom_gaussian_prior_means': False, 'custom_gaussian_prior_stds': False}, 'x6': {'parameter_type': 'ordinal', 'values': [0, 1.570796327, 3.141592654, -1.570796327], 'parameter_default': 1.570796327, 'prior': 'uniform', 'custom_gaussian_prior_means': False, 'custom_gaussian_prior_stds': False}, 'x7': {'parameter_type': 'ordinal', 'values': [0, 1.570796327, 3.141592654, -1.570796327], 'parameter_default': 3.141592654, 'prior': 'uniform', 'custom_gaussian_prior_means': False, 'custom_gaussian_prior_stds': False}, 'x8': {'parameter_type': 'ordinal', 'values': [0, 1.570796327, 3.141592654, -1.570796327], 'parameter_default': 3.141592654, 'prior': 'uniform', 'custom_gaussian_prior_means': False, 'custom_gaussian_prior_stds': False}, 'x9': {'parameter_type': 'ordinal', 'values': [0, 1.570796327, 3.141592654, -1.570796327], 'parameter_default': 1.570796327, 'prior': 'uniform', 'custom_gaussian_prior_means': False, 'custom_gaussian_prior_stds': False}, 'x10': {'parameter_type': 'ordinal', 'values': [0, 1.570796327, 3.141592654, -1.570796327], 'parameter_default': 1.570796327, 'prior': 'uniform', 'custom_gaussian_prior_means': False, 'custom_gaussian_prior_stds': False}, 'x11': {'parameter_type': 'ordinal', 'values': [0, 1.570796327, 3.141592654, -1.570796327], 'parameter_default': 1.570796327, 'prior': 'uniform', 'custom_gaussian_prior_means': False, 'custom_gaussian_prior_stds': False}, 'x12': {'parameter_type': 'ordinal', 'values': [0, 1.570796327, 3.141592654, -1.570796327], 'parameter_default': 3.141592654, 'prior': 'uniform', 'custom_gaussian_prior_means': False, 'custom_gaussian_prior_stds': False}, 'x13': {'parameter_type': 'ordinal', 'values': [0, 1.570796327, 3.141592654, -1.570796327], 'parameter_default': 3.141592654, 'prior': 'uniform', 'custom_gaussian_prior_means': False, 'custom_gaussian_prior_stds': False}, 'x14': {'parameter_type': 'ordinal', 'values': [0, 1.570796327, 3.141592654, -1.570796327], 'parameter_default': 1.570796327, 'prior': 'uniform', 'custom_gaussian_prior_means': False, 'custom_gaussian_prior_stds': False}, 'x15': {'parameter_type': 'ordinal', 'values': [0, 1.570796327, 3.141592654, -1.570796327], 'parameter_default': 0, 'prior': 'uniform', 'custom_gaussian_prior_means': False, 'custom_gaussian_prior_stds': False}, 'x16': {'parameter_type': 'ordinal', 'values': [0, 1.570796327, 3.141592654, -1.570796327], 'parameter_default': 1.570796327, 'prior': 'uniform', 'custom_gaussian_prior_means': False, 'custom_gaussian_prior_stds': False}, 'x17': {'parameter_type': 'ordinal', 'values': [0, 1.570796327, 3.141592654, -1.570796327], 'parameter_default': 1.570796327, 'prior': 'uniform', 'custom_gaussian_prior_means': False, 'custom_gaussian_prior_stds': False}, 'x18': {'parameter_type': 'ordinal', 'values': [0, 1.570796327, 3.141592654, -1.570796327], 'parameter_default': 0, 'prior': 'uniform', 'custom_gaussian_prior_means': False, 'custom_gaussian_prior_stds': False}, 'x19': {'parameter_type': 'ordinal', 'values': [0, 1.570796327, 3.141592654, -1.570796327], 'parameter_default': 0, 'prior': 'uniform', 'custom_gaussian_prior_means': False, 'custom_gaussian_prior_stds': False}, 'x20': {'parameter_type': 'ordinal', 'values': [0, 1.570796327, 3.141592654, -1.570796327], 'parameter_default': 3.141592654, 'prior': 'uniform', 'custom_gaussian_prior_means': False, 'custom_gaussian_prior_stds': False}, 'x21': {'parameter_type': 'ordinal', 'values': [0, 1.570796327, 3.141592654, -1.570796327], 'parameter_default': 1.570796327, 'prior': 'uniform', 'custom_gaussian_prior_means': False, 'custom_gaussian_prior_stds': False}, 'x22': {'parameter_type': 'ordinal', 'values': [0, 1.570796327, 3.141592654, -1.570796327], 'parameter_default': 1.570796327, 'prior': 'uniform', 'custom_gaussian_prior_means': False, 'custom_gaussian_prior_stds': False}, 'x23': {'parameter_type': 'ordinal', 'values': [0, 1.570796327, 3.141592654, -1.570796327], 'parameter_default': 1.570796327, 'prior': 'uniform', 'custom_gaussian_prior_means': False, 'custom_gaussian_prior_stds': False}, 'x24': {'parameter_type': 'ordinal', 'values': [0, 1.570796327, 3.141592654, -1.570796327], 'parameter_default': -1.570796327, 'prior': 'uniform', 'custom_gaussian_prior_means': False, 'custom_gaussian_prior_stds': False}, 'x25': {'parameter_type': 'ordinal', 'values': [0, 1.570796327, 3.141592654, -1.570796327], 'parameter_default': 1.570796327, 'prior': 'uniform', 'custom_gaussian_prior_means': False, 'custom_gaussian_prior_stds': False}, 'x26': {'parameter_type': 'ordinal', 'values': [0, 1.570796327, 3.141592654, -1.570796327], 'parameter_default': 3.141592654, 'prior': 'uniform', 'custom_gaussian_prior_means': False, 'custom_gaussian_prior_stds': False}, 'x27': {'parameter_type': 'ordinal', 'values': [0, 1.570796327, 3.141592654, -1.570796327], 'parameter_default': -1.570796327, 'prior': 'uniform', 'custom_gaussian_prior_means': False, 'custom_gaussian_prior_stds': False}, 'x28': {'parameter_type': 'ordinal', 'values': [0, 1.570796327, 3.141592654, -1.570796327], 'parameter_default': 0, 'prior': 'uniform', 'custom_gaussian_prior_means': False, 'custom_gaussian_prior_stds': False}, 'x29': {'parameter_type': 'ordinal', 'values': [0, 1.570796327, 3.141592654, -1.570796327], 'parameter_default': 3.141592654, 'prior': 'uniform', 'custom_gaussian_prior_means': False, 'custom_gaussian_prior_stds': False}, 'x30': {'parameter_type': 'ordinal', 'values': [0, 1.570796327, 3.141592654, -1.570796327], 'parameter_default': 3.141592654, 'prior': 'uniform', 'custom_gaussian_prior_means': False, 'custom_gaussian_prior_stds': False}, 'x31': {'parameter_type': 'ordinal', 'values': [0, 1.570796327, 3.141592654, -1.570796327], 'parameter_default': 1.570796327, 'prior': 'uniform', 'custom_gaussian_prior_means': False, 'custom_gaussian_prior_stds': False}, 'x32': {'parameter_type': 'ordinal', 'values': [0, 1.570796327, 3.141592654, -1.570796327], 'parameter_default': 3.141592654, 'prior': 'uniform', 'custom_gaussian_prior_means': False, 'custom_gaussian_prior_stds': False}, 'x33': {'parameter_type': 'ordinal', 'values': [0, 1.570796327, 3.141592654, -1.570796327], 'parameter_default': 1.570796327, 'prior': 'uniform', 'custom_gaussian_prior_means': False, 'custom_gaussian_prior_stds': False}, 'x34': {'parameter_type': 'ordinal', 'values': [0, 1.570796327, 3.141592654, -1.570796327], 'parameter_default': 1.570796327, 'prior': 'uniform', 'custom_gaussian_prior_means': False, 'custom_gaussian_prior_stds': False}, 'x35': {'parameter_type': 'ordinal', 'values': [0, 1.570796327, 3.141592654, -1.570796327], 'parameter_default': 3.141592654, 'prior': 'uniform', 'custom_gaussian_prior_means': False, 'custom_gaussian_prior_stds': False}, 'x36': {'parameter_type': 'ordinal', 'values': [0, 1.570796327, 3.141592654, -1.570796327], 'parameter_default': 0, 'prior': 'uniform', 'custom_gaussian_prior_means': False, 'custom_gaussian_prior_stds': False}, 'x37': {'parameter_type': 'ordinal', 'values': [0, 1.570796327, 3.141592654, -1.570796327], 'parameter_default': -1.570796327, 'prior': 'uniform', 'custom_gaussian_prior_means': False, 'custom_gaussian_prior_stds': False}, 'x38': {'parameter_type': 'ordinal', 'values': [0, 1.570796327, 3.141592654, -1.570796327], 'parameter_default': 1.570796327, 'prior': 'uniform', 'custom_gaussian_prior_means': False, 'custom_gaussian_prior_stds': False}, 'x39': {'parameter_type': 'ordinal', 'values': [0, 1.570796327, 3.141592654, -1.570796327], 'parameter_default': 1.570796327, 'prior': 'uniform', 'custom_gaussian_prior_means': False, 'custom_gaussian_prior_stds': False}, 'x40': {'parameter_type': 'ordinal', 'values': [0, 1.570796327, 3.141592654, -1.570796327], 'parameter_default': 3.141592654, 'prior': 'uniform', 'custom_gaussian_prior_means': False, 'custom_gaussian_prior_stds': False}, 'x41': {'parameter_type': 'ordinal', 'values': [0, 1.570796327, 3.141592654, -1.570796327], 'parameter_default': 1.570796327, 'prior': 'uniform', 'custom_gaussian_prior_means': False, 'custom_gaussian_prior_stds': False}, 'x42': {'parameter_type': 'ordinal', 'values': [0, 1.570796327, 3.141592654, -1.570796327], 'parameter_default': 1.570796327, 'prior': 'uniform', 'custom_gaussian_prior_means': False, 'custom_gaussian_prior_stds': False}, 'x43': {'parameter_type': 'ordinal', 'values': [0, 1.570796327, 3.141592654, -1.570796327], 'parameter_default': 3.141592654, 'prior': 'uniform', 'custom_gaussian_prior_means': False, 'custom_gaussian_prior_stds': False}, 'x44': {'parameter_type': 'ordinal', 'values': [0, 1.570796327, 3.141592654, -1.570796327], 'parameter_default': 3.141592654, 'prior': 'uniform', 'custom_gaussian_prior_means': False, 'custom_gaussian_prior_stds': False}, 'x45': {'parameter_type': 'ordinal', 'values': [0, 1.570796327, 3.141592654, -1.570796327], 'parameter_default': -1.570796327, 'prior': 'uniform', 'custom_gaussian_prior_means': False, 'custom_gaussian_prior_stds': False}, 'x46': {'parameter_type': 'ordinal', 'values': [0, 1.570796327, 3.141592654, -1.570796327], 'parameter_default': 3.141592654, 'prior': 'uniform', 'custom_gaussian_prior_means': False, 'custom_gaussian_prior_stds': False}, 'x47': {'parameter_type': 'ordinal', 'values': [0, 1.570796327, 3.141592654, -1.570796327], 'parameter_default': 1.570796327, 'prior': 'uniform', 'custom_gaussian_prior_means': False, 'custom_gaussian_prior_stds': False}, 'x48': {'parameter_type': 'ordinal', 'values': [0, 1.570796327, 3.141592654, -1.570796327], 'parameter_default': 1.570796327, 'prior': 'uniform', 'custom_gaussian_prior_means': False, 'custom_gaussian_prior_stds': False}, 'x49': {'parameter_type': 'ordinal', 'values': [0, 1.570796327, 3.141592654, -1.570796327], 'parameter_default': 0, 'prior': 'uniform', 'custom_gaussian_prior_means': False, 'custom_gaussian_prior_stds': False}}, 'print_best': False, 'number_of_cpus': 1, 'print_posterior_best': False, 'design_of_experiment': {'doe_type': 'random sampling', 'number_of_samples': 20}, 'log_file': 'D:\\QML\\QML_Cliiford\\5qubits\\parllelresume_9.csvhypermapper_log_9.log', 'output_data_file': 'D:\\QML\\QML_Cliiford\\5qubits\\parllelresume_9.csvhypermapper_output_9.csv', 'verbose_logging': False, 'profiling': False, 'noise': True, 'profiling_file': 'profiles/profile.csv', 'append_profiles': False, 'max_number_of_predictions': 1000000, 'time_budget': -1, 'number_of_repetitions': 1, 'hypermapper_mode': {'mode': 'default'}, 'output_image': {'output_image_pdf_file': 'output_pareto.pdf', 'image_xlog': False, 'image_ylog': False}, 'feasible_output': {'name': 'Valid', 'true_value': 'True', 'false_value': 'False', 'enable_feasible_predictor': False, 'enable_feasible_predictor_grid_search_on_recall_and_precision': False, 'feasible_predictor_grid_search_validation_file': '/home/lnardi/spatial-lang/results/apps_classification_test_set/BlackScholes.csv'}, 'timestamp': 'Timestamp', 'evaluations_per_optimization_iteration': 1, 'run_directory': '.', 'output_pareto_file': 'output_pareto.csv', 'acquisition_function': 'EI', 'scalarization_method': 'tchebyshev', 'weight_sampling': 'flat', 'bounding_box_limits': [0, 1], 'optimization_method': 'bayesian_optimization', 'local_search_starting_points': 10, 'local_search_random_points': 10000, 'local_search_evaluation_limit': -1, 'scalarization_key': 'scalarization', 'local_search_scalarization_weights': [1], 'print_parameter_importance': False, 'normalize_inputs': False, 'epsilon_greedy_threshold': 0.1, 'prior_method': 'pibo', 'prior_beta': -1, 'prior_floor': 1e-06, 'model_posterior_weight': 10, 'model_good_quantile': 0.05, 'prior_estimation_file': 'samples.csv', 'prior_estimation_quantile': 0.1, 'estimate_multivariate_priors': False, 'resume_optimization': False, 'resume_optimization_data': 'output_samples.csv', 'bandwidth_parameter': 0, 'bandwidth_n_factor': 100, 'prior_limit_estimation_points': 10000, 'posterior_computation_lower_limit': 1e-08, 'custom_gaussian_prior_means': [0], 'custom_gaussian_prior_stds': [-1], 'acquisition_function_optimizer': 'local_search', 'evolution_population_size': 50, 'evolution_generations': 150, 'mutation_rate': 1, 'evolution_crossover': False, 'regularize_evolution': False, 'batch_size': 2, 'cma_es_sigma': 0.2, 'cma_es_starting_points': 1, 'cma_es_random_points': 10000}
Design of experiment phase, number of new doe samples = 20 .......
0.0625 0
0.03125 1
0.0625 1
0.03125 0
0.0625 1
0.0 1
0.03125 0
0.03125 1
0.03125 0
0.0625 1
0.03125 1
0.03125 1
0.03125 1
0.0625 0
0.0625 1
0.03125 0
0.03125 0
0.0625 0
0.03125 1
0.0625 0
0.0625 0
0.0 1
0.0 1
0.0 1
0.03125 1
0.03125 0
0.0 0
0.0625 1
0.03125 0
0.0625 0
0.03125 1
0.0625 0
0.03125 0
0.0 1
0.0625 1
0.0625 1
0.03125 1
0.0 1
0.03125 1
0.0625 1
0.03125 0
0.0625 1
0.03125 0
0.0 1
0.03125 1
0.03125 0
0.0 0
0.03125 0
0.03125 0
0.0625 1
0.03125 0
0.03125 1
0.03125 0
0.03125 0
0.03125 0
0.03125 1
0.0625 0
0.03125 1
0.03125 1
0.03125 0
0.03125 0
0.03125 1
0.03125 0
0.03125 1
0.0625 1
0.0625 1
0.03125 1
0.03125 0
0.03125 0
0.03125 0
0.03125 1
0.03125 0
0.03125 1
0.03125 0
0.03125 0
0.0 1
0.03125 0
0.03125 0
0.03125 1
0.03125 1
0.0 0
0.03125 0
0.03125 1
0.03125 0
0.03125 0
0.03125 0
0.03125 0
0.03125 1
0.0625 1
0.03125 1
0.03125 1
0.03125 0
0.03125 0
0.03125 0
0.03125 0
0.03125 1
0.03125 1
0.03125 1
0.03125 0
0.0 0
0.03125 0
0.0 1
0.03125 1
0.0 0
0.0 1
0.125 1
0.0 0
0.03125 1
0.125 0
0.03125 1
0.0 1
0.125 1
0.03125 1
0.0 0
0.03125 1
0.0 0
0.0 0
0.0 0
0.0 1
0.0 0
0.03125 0
0.0 1
0.125 1
0.125 1
0.0 1
0.0 0
0.03125 0
0.03125 1
0.0 0
0.0 0
0.03125 1
0.0 0
0.0 0
0.0 1
0.0 1
0.0 1
0.0 1
0.125 1
0.0 1
0.0 1
0.125 0
0.03125 1
0.03125 0
0.0 1
0.0 1
0.0 0
0.0 0
0.0 0
0.0 0
0.125 1
0.125 0
0.125 1
0.125 0
0.03125 0
0.125 0
0.125 1
0.125 0
0.0 1
0.125 1
0.0 0
0.125 0
0.0 1
0.125 0
0.03125 1
0.125 1
0.03125 1
0.0 1
0.125 0
0.0 0
0.0 0
0.0 1
0.0 0
0.0 1
0.0 0
0.0 0
0.125 1
0.0 0
0.125 0
0.0 1
0.0 1
0.0 0
0.125 0
0.0 1
0.0 0
0.0 0
0.0 0
0.0 0
0.0 1
0.0 1
0.0 1
0.0 1
0.125 0
0.125 0
0.0 0
0.0 0
0.125 1
0.0 1
0.0 1
0.0 0
0.03125 0
0.0 0
0.0 1
0.0 1
0.0 0
0.0 1
0.0 1
0.125 0
0.0 1
0.0 0
0.0 1
0.0 1
0.03125 1
0.0 1
0.0 0
0.0 1
0.0 0
0.0 0
0.0 0
0.0 1
0.0 0
0.0625 0
0.0625 1
0.03125 1
0.0 1
0.03125 1
0.0 0
0.0 0
0.0 1
0.0 0
0.0 0
0.0 1
0.0 0
0.0 0
0.125 1
0.0 1
0.0 1
0.0 1
0.03125 1
0.03125 1
0.0 1
0.0 0
0.0 1
0.0625 0
0.125 1
0.0625 1
0.0 0
0.03125 0
0.0 0
0.0 0
0.03125 1
0.0 0
0.03125 1
0.0 0
0.0 0
0.0 0
0.03125 1
0.03125 0
0.0 1
0.0 1
0.0 0
0.0 0
0.0 1
0.0 0
0.0 1
0.03125 1
0.0 1
0.0 1
0.0 0
0.0 0
0.0 0
0.0 1
0.0 0
0.03125 1
0.125 0
0.03125 0
0.0 1
0.0 0
0.0 0
0.0 1
0.125 1
0.125 0
0.0 0
0.0 1
0.0 0
0.0 0
0.0 0
0.0 0
0.0 1
0.0 1
0.0 1
0.0 1
0.0625 0
0.0625 0
0.0 0
0.03125 0
0.0 1
0.03125 1
0.0 1
0.125 0
0.0 0
0.0 0
0.03125 1
0.0 1
0.03125 0
0.0 1
0.0 1
0.03125 0
0.0 1
0.0625 0
0.0 1
0.03125 1
0.0625 1
0.0 1
0.0 0
0.0 1
0.03125 0
0.03125 0
0.0 0
0.03125 1
0.0 0
0.0 0
0.0 1
0.0625 1
0.0 1
0.0625 1
0.03125 0
0.0 0
0.0 1
0.03125 0
0.0 0
0.0 1
0.0 0
0.03125 0
0.0 1
0.0 1
0.0 1
0.03125 1
0.0 1
0.0625 1
0.0 1
0.0 0
0.0 1
0.0 0
0.0 1
0.03125 1
0.03125 0
0.0 0
0.03125 0
0.03125 0
0.0 1
0.0 0
0.0625 1
0.0625 0
0.0 0
0.0625 0
0.0625 1
0.0 0
0.03125 1
0.03125 1
0.03125 0
0.0 0
0.03125 1
0.0625 0
0.0 1
0.0 1
0.0 1
0.0 1
0.0625 0
0.03125 0
0.03125 0
0.03125 1
0.03125 0
0.0 1
0.03125 0
0.0 0
0.0 1
0.03125 0
0.03125 0
0.03125 1
0.03125 1
0.0 0
0.03125 0
0.03125 1
0.0 0
0.03125 0
0.0 0
0.03125 0
0.0 1
0.0 1
0.03125 1
0.03125 1
0.03125 0
0.0 0
0.03125 0
0.0 0
0.0 1
0.0625 1
0.03125 1
0.03125 0
0.0 0
0.0625 0
0.03125 1
0.03125 1
0.03125 0
0.03125 1
0.03125 1
0.0 0
0.03125 1
0.03125 0
0.03125 1
0.0 1
0.0625 1
0.03125 1
0.03125 0
0.03125 1
0.03125 0
0.0625 0
0.03125 0
0.03125 1
0.03125 0
0.0625 0
0.0625 1
0.0625 1
0.03125 1
0.03125 1
0.0625 0
0.03125 0
0.0625 1
0.03125 0
0.03125 0
0.03125 1
0.03125 0
0.0625 0
0.03125 1
0.03125 1
0.03125 1
0.0 1
0.03125 1
0.0625 1
0.03125 1
0.03125 0
0.03125 1
0.03125 0
0.03125 1
0.03125 1
0.03125 0
0.03125 0
0.03125 0
0.03125 0
0.0 1
0.0 0
0.0625 1
0.03125 0
0.03125 0
0.03125 0
0.0625 1
0.03125 0
0.0 1
0.0625 1
0.03125 0
0.03125 0
0.03125 1
0.03125 0
0.03125 1
0.0625 1
0.03125 1
0.0 1
0.03125 0
0.03125 0
0.03125 0
0.03125 1
0.03125 0
0.0625 1
0.0 0
0.0625 0
0.03125 1
0.0625 0
0.0 0
0.03125 1
0.0 1
0.03125 0
0.03125 0
0.03125 1
0.0 0
0.03125 0
0.0 0
0.03125 0
0.0 1
0.03125 1
0.0 1
0.0 1
0.03125 0
0.0 0
0.03125 0
0.0625 0
0.0 1
0.0625 1
0.03125 1
0.0 0
0.03125 0
0.03125 0
0.03125 1
0.0625 1
0.03125 0
0.0 1
0.0625 1
0.0625 0
0.03125 1
0.0 0
0.0625 1
0.0625 1
0.03125 1
0.03125 1
0.0 0
0.0625 1
0.03125 0
0.0625 0
0.0 0
0.03125 1
0.0 0
0.03125 0
0.0625 1
0.03125 1
0.0625 1
0.0 1
0.0625 0
0.0 0
0.03125 1
0.03125 0
0.0 0
0.03125 1
0.0 0
0.0625 0
0.0625 1
0.0 1
0.0625 1
0.0625 1
0.0625 1
0.0 1
0.0 1
0.0625 0
0.0625 1
0.03125 0
0.0625 1
0.03125 1
0.03125 0
0.0625 0
0.03125 0
0.03125 0
0.03125 1
0.0 0
0.03125 1
0.0 0
0.03125 0
0.0 0
0.03125 1
0.0 0
0.0625 1
0.0 1
0.03125 0
0.0625 0
0.03125 1
0.0 0
0.03125 1
0.03125 1
0.0625 1
0.03125 1
0.0 0
0.03125 0
0.03125 0
0.03125 1
0.03125 0
0.0 1
0.0625 0
0.125 0
0.0625 1
0.0625 0
0.0625 0
0.03125 1
0.0 1
0.0625 0
0.03125 0
0.03125 1
0.03125 0
0.03125 0
0.03125 0
0.03125 0
0.03125 1
0.0 1
0.0625 1
0.0625 1
0.03125 0
0.03125 0
0.03125 0
0.03125 0
0.03125 1
0.125 1
0.03125 1
0.0625 0
0.0 0
0.0625 0
0.03125 1
0.0 1
0.03125 0
0.0625 1
0.0 1
0.03125 0
0.0625 1
0.03125 0
0.0 1
0.03125 1
0.0 1
0.0 1
0.0625 0
0.0 1
0.03125 0
0.03125 0
0.0625 0
0.03125 1
0.0625 0
0.0 0
0.0625 1
0.03125 1
0.0 1
0.03125 1
0.03125 0
0.0625 0
0.0625 1
0.03125 0
0.0625 0
0.0 1
0.0625 0
0.03125 0
0.0 1
0.0625 1
0.0625 1
0.03125 1
0.0 1
0.03125 1
0.0625 1
0.03125 0
0.0 1
0.0625 0
0.0 1
0.03125 1
0.03125 0
0.0 0
0.03125 0
0.03125 0
0.03125 1
0.0 0
0.0 1
0.03125 0
0.0625 0
0.03125 0
0.0 1
0.0 0
0.03125 1
0.03125 1
0.03125 0
0.03125 0
0.03125 1
0.03125 0
0.0 1
0.03125 1
0.0 1
0.0625 1
0.03125 0
0.03125 0
0.03125 0
0.03125 1
0.03125 0
0.03125 1
0.03125 0
0.03125 0
0.0 1
0.03125 0
0.03125 0
0.03125 1
0.03125 1
0.0 0
0.03125 0
0.03125 1
0.0625 0
0.03125 0
0.0625 0
0.03125 0
0.0625 1
0.0625 1
0.03125 1
0.03125 1
0.03125 0
0.0625 0
0.03125 0
0.0 0
0.0 1
0.03125 1
0.03125 1
0.03125 0
0.0625 0
0.0625 0
0.0 1
0.03125 1
0.0 0
0.03125 1
0.03125 1
0.0625 0
0.03125 1
0.0 0
0.03125 1
0.0625 1
0.0625 1
0.03125 1
0.03125 0
0.03125 1
0.0 0
0.0625 0
0.03125 0
0.0 1
0.03125 0
0.0625 0
0.03125 1
0.0 1
0.03125 1
0.03125 1
0.0625 0
0.03125 0
0.0625 1
0.0 0
0.03125 0
0.03125 1
0.03125 0
0.0625 0
0.03125 1
0.03125 1
0.03125 1
0.0625 1
0.03125 1
0.03125 1
0.03125 1
0.0625 0
0.03125 1
0.03125 0
0.03125 1
0.0625 1
0.0 0
0.03125 0
0.0 0
0.0 0
0.0 1
0.03125 0
0.0625 1
0.0 0
0.03125 0
0.0 0
0.0625 1
0.03125 0
0.0 1
0.0 1
0.0 0
0.0625 0
0.0625 1
0.0 0
0.03125 1
0.0625 1
0.03125 1
0.0625 1
0.0 0
0.0 0
0.0 0
0.0 1
0.0 0
0.03125 1
0.0625 0
0.03125 0
0.03125 1
0.0625 0
0.0 0
0.0 1
0.0 1
0.03125 0
0.0 0
0.0625 1
0.0 0
0.0 0
0.0 0
0.0 0
0.0 1
0.03125 1
0.0625 1
0.0 1
0.0625 0
0.0625 0
0.0 0
0.0 0
0.0 1
0.03125 1
0.0 1
0.0625 0
0.03125 0
0.03125 0
0.03125 1
0.0 1
0.0 0
0.125 1
0.0 1
0.125 0
0.0 1
0.0 0
0.0 1
0.0 1
0.0625 1
0.0625 1
0.125 0
0.0625 1
0.0 0
0.0 0
0.125 0
0.03125 1
0.125 0
0.03125 0
0.03125 1
0.03125 1
0.0 1
0.0625 1
0.0 0
0.0625 0
0.03125 1
0.03125 0
0.125 0
0.0625 1
0.125 0
0.0 0
0.0 1
0.125 1
0.0 1
0.0 1
0.03125 1
0.0625 1
0.125 1
0.0625 0
0.0625 1
0.0625 0
0.0 1
0.03125 1
0.03125 0
0.03125 0
0.03125 0
0.03125 0
0.03125 1
0.03125 0
0.0625 1
0.0 0
0.0625 0
0.0 0
0.0625 1
0.03125 0
0.125 1
0.0 1
0.0 0
0.0625 0
0.03125 1
0.0 0
0.0625 1
0.03125 1
0.0625 1
0.03125 1
0.0 0
0.0 0
0.0 0
0.0 1
0.0 0
0.0 1
0.125 0
0.0625 0
0.0 1
0.0 0
0.0 0
0.03125 1
0.0 1
0.0 0
0.03125 0
0.0625 1
0.03125 0
0.0625 0
0.03125 0
0.0 0
0.03125 1
0.0 1
0.0 1
0.125 1
0.03125 0
0.03125 0
0.0 0
0.0625 0
0.03125 1
0.0 1
0.0625 1
0.125 0
0.0 0
0.0 0
0.0625 1
0.03125 1
0.0 0
0.03125 1
0.03125 1
0.03125 0
0.03125 1
0.03125 0
0.03125 1
0.03125 1
0.0 1
0.03125 1
0.03125 0
0.03125 1
0.0 0
0.03125 0
0.03125 0
0.0625 1
0.03125 0
0.0 0
0.03125 1
0.03125 1
0.03125 1
0.03125 1
0.03125 0
0.03125 0
0.0 1
0.0 0
0.03125 0
0.03125 1
0.03125 0
0.03125 0
0.03125 1
0.03125 1
0.03125 1
0.03125 1
0.03125 1
0.0 1
0.03125 1
0.03125 0
0.03125 1
0.03125 0
0.03125 1
0.0 1
0.0 0
0.03125 0
0.0 0
0.0 0
0.03125 1
0.0 0
0.0 1
0.03125 0
0.03125 0
0.03125 0
0.0 1
0.03125 0
0.03125 1
0.03125 1
0.0 0
0.03125 0
0.0 1
0.03125 0
0.03125 1
0.03125 1
0.03125 1
0.0 1
0.03125 0
0.0 0
0.0 0
0.0 1
0.0 0
0.0625 1
0.03125 0
0.0625 0
0.03125 1
0.03125 0
0.03125 0
0.0 1
0.03125 1
0.03125 0
0.0625 0
0.0 1
0.0 0
0.0625 0
0.0 0
0.0 0
0.0 1
0.03125 1
0.03125 1
0.03125 1
0.0625 0
0.0 0
0.0 0
0.0 0
0.125 1
0.0 1
0.0625 1
0.03125 0
0.03125 0
0.03125 0
0.0 1
0.0 1
0.0 0
0.0 1
0.0625 1
0.03125 0
0.0 1
0.0 0
0.0 1
0.03125 1
0.0 1
0.0 1
0.0 0
0.0 1
0.0 0
0.03125 0
0.0 0
0.0 1
0.0 0
0.03125 0
0.03125 1
0.03125 1
0.0625 1
0.03125 1
0.03125 0
0.0 0
0.03125 1
0.0625 0
0.0 0
0.0 1
0.0 0
0.03125 0
0.0625 1
0.0 1
0.0 1
0.03125 1
0.03125 1
0.03125 1
0.0 1
0.0 0
0.0 1
0.0 0
0.0625 1
0.0 1
0.0625 0
0.03125 0
0.0625 0
0.0625 0
0.03125 1
0.0 0
0.0 1
0.0 0
0.0625 0
0.0 0
0.0 1
0.03125 0
0.03125 1
0.03125 1
0.0 0
0.0 0
0.0625 1
0.0 0
0.0625 1
0.03125 1
0.0 1
0.03125 1
0.0 0
0.0 0
0.0 0
0.0 1
0.0 0
0.03125 1
0.03125 0
0.03125 0
0.0625 1
0.03125 0
0.03125 0
0.0625 1
0.03125 1
0.0625 0
0.0 0
0.0 1
0.03125 0
0.0 0
0.03125 0
0.0 0
0.03125 1
0.0625 1
0.03125 1
0.03125 1
0.0625 0
0.03125 0
0.0 0
0.0 0
0.03125 1
0.03125 1
0.0625 1
0.03125 0
0.0 0
0.0625 0
0.0 1
0.03125 1
0.0 0
0.125 1
0.0 1
0.03125 0
0.03125 1
0.0 0
0.03125 1
0.03125 1
0.03125 1
0.03125 1
0.125 0
0.03125 1
0.0 0
0.03125 0
0.125 0
0.0 1
0.125 0
0.0625 0
0.03125 1
0.0 1
0.0 1
0.0 1
0.03125 0
0.03125 0
0.0625 1
0.0 0
0.125 0
0.03125 1
0.125 0
0.03125 0
0.125 1
0.125 1
0.0 1
0.03125 1
0.125 1
0.0625 1
0.125 1
0.0625 0
0.03125 1
0.03125 0
0.125 1
0.125 1
0.0 0
0.0 0
0.0 0
0.0 0
0.0 1
0.03125 0
0.03125 1
0.0 0
0.03125 0
0.0 0
0.03125 1
0.0 0
0.03125 1
0.03125 1
0.0 0
0.0625 0
0.0 1
0.0 0
0.03125 1
0.0625 1
0.03125 1
0.0 1
0.0 0
0.0 0
0.0 0
0.0 1
0.0 0
0.0 1
0.03125 0
0.0 0
0.0 1
0.03125 0
0.03125 0
0.0 1
0.03125 1
0.125 0
0.0 0
0.0625 1
0.0 0
0.0625 0
0.0 0
0.0 0
0.0 1
0.0 1
0.03125 1
0.03125 1
0.0 0
0.125 0
0.0 0
0.03125 0
0.0 1
0.0625 1
0.0 1
0.03125 0
0.03125 0
0.0625 0
0.0625 1
0.0625 1
0.03125 0
0.0625 1
0.0625 1
0.0625 0
0.125 1
0.03125 0
0.0625 1
0.0 1
0.03125 1
0.125 1
0.0625 0
0.0625 1
0.03125 0
0.0625 0
0.0625 0
0.0625 1
0.0625 0
0.0625 0
0.0 1
0.03125 1
0.0625 1
0.03125 1
0.0625 0
0.0625 0
0.0625 1
0.0 0
0.0625 0
0.125 1
0.0625 0
0.0625 0
0.0625 1
0.0625 1
0.0625 1
0.0 1
0.0 1
0.0 1
0.0625 1
0.03125 0
0.0625 1
0.0 0
0.0625 1
0.0 1
0.0 0
0.125 0
0.0 0
0.0 0
0.03125 1
0.0 0
0.03125 1
0.03125 0
0.0 0
0.03125 0
0.03125 1
0.0 0
0.0 1
0.0 1
0.03125 0
0.03125 0
0.0 1
0.03125 0
0.125 1
0.03125 1
0.0625 1
0.0625 1
0.03125 0
0.03125 0
0.03125 0
0.03125 1
0.03125 0
0.125 1
0.0625 0
0.125 0
0.0625 1
0.0625 0
0.0625 0
0.0 1
0.0 1
0.0625 0
0.0 0
0.03125 1
0.0625 0
0.03125 0
0.0625 0
0.03125 0
0.0625 1
0.0625 1
0.0 1
0.0 1
0.0 0
0.0625 0
0.03125 0
0.03125 0
0.0625 1
0.0 1
0.03125 1
0.0625 0
0.0625 0
0.03125 0
0.0 1
0.0625 1
0.03125 0
0.03125 1
0.03125 1
0.03125 0
0.03125 1
0.0625 0
0.0625 1
0.03125 1
0.03125 1
0.03125 1
0.03125 0
0.0 1
0.03125 0
0.03125 0
0.03125 0
0.0 1
0.03125 0
0.03125 0
0.0 1
0.0 1
0.03125 1
0.0 1
0.03125 0
0.0 0
0.03125 1
0.0 0
0.03125 0
0.03125 1
0.03125 0
0.03125 0
0.03125 1
0.03125 1
0.03125 1
0.03125 1
0.03125 1
0.03125 1
0.03125 1
0.0 0
0.0 1
0.03125 0
0.03125 1
0.0 1
0.0 0
0.03125 0
0.0 0
0.0 0
0.0 1
0.03125 0
0.03125 1
0.0625 0
0.03125 0
0.0625 0
0.03125 1
0.03125 0
0.03125 1
0.03125 1
0.03125 0
0.0 0
0.0625 1
0.0625 0
0.03125 1
0.0625 1
0.0 1
0.03125 1
0.0625 0
0.03125 0
0.03125 0
0.03125 1
0.03125 0
0.03125 1
0.03125 0
0.03125 0
0.03125 1
0.03125 0
0.03125 0
0.0 1
0.03125 1
0.03125 0
0.0625 0
0.03125 1
0.03125 0
0.03125 0
0.03125 0
0.03125 0
0.03125 1
0.03125 1
0.03125 1
0.03125 1
0.0625 0
0.03125 0
0.03125 0
0.03125 0
0.03125 1
0.03125 1
0.03125 1
0.03125 0
0.0625 0
0.03125 0
0.0 1
0.0625 1
0.0 0
0.0 1
0.0 1
0.0 0
0.0625 1
0.0 0
0.0625 1
0.0 1
0.03125 1
0.0 1
0.0 0
0.0 1
0.0 0
0.0 0
0.0 0
0.0 1
0.0 0
0.03125 0
0.03125 1
0.03125 1
0.0 1
0.03125 1
0.0 0
0.0 0
0.03125 1
0.0625 0
0.0 0
0.0 1
0.0 0
0.0 0
0.0 1
0.0 1
0.0625 1
0.0 1
0.0 1
0.125 1
0.0 1
0.0 0
0.0 1
0.0625 0
0.0 1
0.0 1
0.0625 0
0.0 0
0.0625 0
0.0625 0
0.03125 1
0.03125 0
0.03125 1
0.0 0
0.0 0
0.0 0
0.03125 1
0.0625 0
0.0 1
0.125 1
0.0 0
0.0 0
0.0 1
0.0 0
0.0 1
0.03125 1
0.0 1
0.0 1
0.0 0
0.0 0
0.0 0
0.0 1
0.0 0
0.0 1
0.0 0
0.0 0
0.0 1
0.0 0
0.0 0
0.0625 1
0.0 1
0.0 0
0.0 0
0.0 1
0.0625 0
0.0 0
0.0625 0
0.0 0
0.0625 1
0.0 1
0.0 1
0.0 1
0.0625 0
0.0625 0
0.0 0
0.03125 0
0.0 1
0.0 1
0.0 1
0.0 0
0.0625 0
0.0 0
0.03125 1
0.0 1
0.0625 0
0.0 1
0.0 1
0.03125 0
0.0 1
0.0625 0
0.0 1
0.03125 1
0.03125 1
0.0 1
0.0 0
0.0 1
0.0625 0
0.03125 0
0.0 0
0.03125 1
0.0 0
0.0 0
0.0 1
0.03125 1
0.0 1
0.0 1
0.03125 0
0.0 0
0.0 1
0.03125 0
0.0 0
0.0 1
0.0 0
0.03125 0
0.0 1
0.0 1
0.0 1
0.03125 1
0.0 1
0.0 1
0.0 1
0.0 0
0.0 1
0.0 0
0.0 1
0.03125 1
0.03125 0
0.0 0
0.03125 0
0.03125 0
0.03125 1
0.0 0
0.03125 1
0.0625 0
0.0 0
0.0625 0
0.03125 1
0.0 0
0.03125 1
0.03125 1
0.0625 0
0.0 0
0.03125 1
0.0625 0
0.0 1
0.03125 1
0.0 1
0.0 1
0.0625 0
0.0625 0
0.0625 0
0.0625 1
0.0625 0
0.0625 1
0.03125 0
0.0625 0
0.0 1
0.03125 0
0.03125 0
0.03125 1
0.03125 1
0.0 0
0.03125 0
0.0 1
0.0 0
0.0625 0
0.0 0
0.0625 0
0.0 1
0.0 1
0.03125 1
0.03125 1
0.03125 0
0.0 0
0.0625 0
0.03125 0
0.0 1
0.0 1
0.0 1
0.03125 0
0.0 0
0.0 0
0.0625 1
0.0625 1
0.0 0
0.03125 1
0.03125 1
0.03125 0
0.03125 1
0.0 0
0.0625 1
0.03125 1
0.03125 1
0.03125 1
0.03125 0
0.0 1
0.0 0
0.03125 0
0.03125 0
0.0625 1
0.03125 0
0.0625 0
0.03125 1
0.03125 1
0.03125 1
0.03125 1
0.03125 0
0.0625 0
0.0 1
0.0625 0
0.03125 0
0.03125 1
0.03125 0
0.03125 0
0.03125 1
0.03125 1
0.03125 1
0.03125 1
0.0 1
0.03125 1
0.03125 1
0.0 0
0.0 1
0.03125 0
0.03125 1
0.0 1
0.0625 0
0.0625 0
0.0625 0
0.0625 0
0.03125 1
0.0625 0
0.03125 1
0.0 0
0.03125 0
0.0 0
0.03125 1
0.0 0
0.03125 1
0.03125 1
0.0 0
0.0 0
0.0 1
0.0 0
0.03125 1
0.03125 1
0.0 1
0.03125 1
0.0 0
0.0 0
0.0 0
0.0 1
0.0 0
0.03125 1
0.03125 0
0.03125 0
0.03125 1
0.03125 0
0.03125 0
0.0625 1
0.03125 1
0.03125 0
0.0625 0
0.0 1
0.03125 0
0.125 0
0.03125 0
0.0 0
0.03125 1
0.03125 1
0.03125 1
0.03125 1
0.0 0
0.03125 0
0.0 0
0.03125 0
0.03125 1
0.03125 1
0.125 1
0.03125 0
0.0 0
0.03125 0
0.03125 1
0.03125 1
0.03125 0
0.0625 1
0.0625 1
0.0 0
0.03125 1
0.03125 0
0.03125 1
0.0 1
0.0625 1
0.03125 1
0.0625 0
0.03125 1
0.03125 0
0.0 0
0.0625 0
0.03125 1
0.0625 0
0.03125 0
0.0625 1
0.0625 1
0.0625 1
0.03125 1
0.0 0
0.03125 0
0.03125 1
0.03125 0
0.0625 0
0.03125 1
0.0625 0
0.0 0
0.0625 1
0.0625 1
0.0 1
0.0 1
0.0 1
0.03125 1
0.0625 1
0.03125 0
0.03125 1
0.03125 0
0.0625 1
0.03125 1
0.03125 0
0.0 0
0.03125 0
0.03125 0
0.0625 1
0.03125 0
0.0625 1
0.03125 0
0.03125 0
0.03125 0
0.0625 1
0.0 0
0.0625 1
0.0625 1
0.03125 0
0.03125 0
0.03125 1
0.03125 0
0.03125 1
0.0625 1
0.03125 1
0.03125 1
0.03125 0
0.03125 0
0.03125 0
0.03125 1
0.03125 0
0.03125 1
0.0 0
0.03125 0
0.0625 1
0.0 0
0.0625 0
0.03125 1
0.0625 1
0.0625 0
0.03125 0
0.03125 1
0.03125 0
0.03125 0
0.03125 0
0.03125 0
0.03125 1
0.0 1
0.0 1
0.0625 1
0.03125 0
0.03125 0
0.03125 0
0.0 0
0.03125 1
0.03125 1
0.03125 1
0.0 0
0.03125 0
0.03125 0
0.03125 1
0.03125 1
0.03125 0
0.03125 1
0.03125 1
0.0 0
0.0 1
0.03125 0
0.03125 1
0.0 1
0.0 1
0.0 1
0.03125 0
0.03125 1
0.03125 0
0.0 0
0.03125 0
0.03125 1
0.03125 0
0.03125 0
0.03125 1
0.0 1
0.03125 1
0.0 1
0.0 0
0.03125 0
0.03125 1
0.03125 0
0.03125 0
0.0 1
0.03125 0
0.0 0
0.03125 1
0.03125 1
0.03125 1
0.0 1
0.03125 1
0.0 1
0.03125 1
0.03125 0
0.03125 1
0.0625 0
0.03125 1
0.03125 1
0.03125 0
0.03125 0
0.03125 0
0.03125 0
0.0625 1
0.0 0
0.0 1
0.03125 0
0.0625 0
0.03125 0
0.0 1
0.03125 0
0.125 1
0.0 1
0.03125 0
0.03125 0
0.03125 1
0.03125 0
0.0 1
0.0 1
0.03125 1
0.03125 1
0.03125 0
0.03125 0
0.03125 0
0.03125 1
0.03125 0
0.0 1
0.0 0
0.0 0
0.03125 1
0.0 0
0.0 0
0.03125 1
0.0 1
0.03125 0
0.03125 0
0.03125 1
0.03125 0
0.03125 0
0.03125 0
0.03125 0
0.03125 1
0.03125 1
0.0 1
0.125 1
0.03125 0
0.03125 0
0.03125 0
0.125 0
0.03125 1
0.125 1
0.03125 1
0.0 0
0.03125 0
0.03125 0
0.03125 1
0.03125 1
0.0625 0
0.03125 1
0.03125 1
0.03125 0
0.03125 1
0.03125 0
0.03125 1
0.03125 1
0.03125 1
0.03125 1
0.03125 0
0.03125 1
0.0625 0
0.03125 0
0.03125 0
0.03125 1
0.03125 0
0.03125 0
0.0 1
0.03125 1
0.03125 1
0.03125 1
0.03125 0
0.03125 0
0.03125 1
0.03125 0
0.03125 0
0.03125 1
0.03125 0
0.03125 0
0.03125 1
0.03125 1
0.03125 1
0.03125 1
0.125 1
0.0 1
0.03125 1
0.03125 0
0.03125 1
0.03125 0
0.03125 1
0.03125 1
0.03125 0
0.0 0
0.03125 0
0.03125 0
0.03125 1
0.0 0
0.03125 1
0.03125 0
0.03125 0
0.03125 0
0.03125 1
0.125 0
0.03125 1
0.03125 1
0.0625 0
0.03125 0
0.03125 1
0.03125 0
0.03125 1
0.03125 1
0.03125 1
0.03125 1
0.03125 0
0.0625 0
0.0625 0
0.0625 1
0.0625 0
0.0 1
0.03125 0
0.0 0
0.03125 1
0.03125 0
0.03125 0
0.03125 1
0.03125 1
0.03125 0
0.03125 0
0.0625 1
0.03125 0
0.0 0
0.03125 0
0.0625 0
0.03125 1
0.03125 1
0.03125 1
0.03125 1
0.03125 0
0.03125 0
0.0625 0
0.03125 0
0.03125 1
0.0 1
0.0 1
0.03125 0
0.03125 0
x0,x1,x2,x3,x4,x5,x6,x7,x8,x9,x10,x11,x12,x13,x14,x15,x16,x17,x18,x19,x20,x21,x22,x23,x24,x25,x26,x27,x28,x29,x30,x31,x32,x33,x34,x35,x36,x37,x38,x39,x40,x41,x42,x43,x44,x45,x46,x47,x48,x49,value,Timestamp
3.141592654,1.570796327,-1.570796327,0,3.141592654,0,1.570796327,3.141592654,3.141592654,1.570796327,1.570796327,1.570796327,3.141592654,3.141592654,1.570796327,0,1.570796327,1.570796327,0,0,3.141592654,1.570796327,1.570796327,1.570796327,-1.570796327,1.570796327,3.141592654,-1.570796327,0,3.141592654,3.141592654,1.570796327,3.141592654,1.570796327,1.570796327,3.141592654,0,-1.570796327,1.570796327,1.570796327,3.141592654,1.570796327,1.570796327,3.141592654,3.141592654,-1.570796327,3.141592654,1.570796327,1.570796327,0,0.467099609375,10387
0,3.141592654,1.570796327,1.570796327,3.141592654,1.570796327,0,1.570796327,1.570796327,3.141592654,0,3.141592654,0,3.141592654,0,0,1.570796327,0,3.141592654,-1.570796327,1.570796327,-1.570796327,3.141592654,0,0,0,0,0,3.141592654,1.570796327,1.570796327,-1.570796327,1.570796327,-1.570796327,-1.570796327,-1.570796327,3.141592654,0,3.141592654,-1.570796327,3.141592654,-1.570796327,0,3.141592654,1.570796327,0,1.570796327,-1.570796327,-1.570796327,-1.570796327,0.4678125,19694
3.141592654,0,3.141592654,3.141592654,0,0,1.570796327,0,1.570796327,-1.570796327,-1.570796327,1.570796327,3.141592654,3.141592654,-1.570796327,1.570796327,-1.570796327,0,1.570796327,1.570796327,-1.570796327,0,0,-1.570796327,3.141592654,-1.570796327,3.141592654,-1.570796327,3.141592654,0,1.570796327,0,1.570796327,1.570796327,3.141592654,-1.570796327,-1.570796327,3.141592654,-1.570796327,0,0,3.141592654,1.570796327,3.141592654,1.570796327,0,3.141592654,1.570796327,1.570796327,-1.570796327,0.484599609375,29122
3.141592654,3.141592654,0,3.141592654,1.570796327,1.570796327,3.141592654,3.141592654,-1.570796327,0,0,3.141592654,1.570796327,3.141592654,1.570796327,1.570796327,0,0,1.570796327,-1.570796327,0,-1.570796327,3.141592654,1.570796327,0,1.570796327,3.141592654,3.141592654,3.141592654,0,0,0,-1.570796327,-1.570796327,0,-1.570796327,0,3.141592654,-1.570796327,1.570796327,-1.570796327,3.141592654,0,-1.570796327,1.570796327,1.570796327,0,-1.570796327,1.570796327,3.141592654,0.48271484375,38582
-1.570796327,0,-1.570796327,-1.570796327,0,1.570796327,-1.570796327,-1.570796327,3.141592654,0,3.141592654,-1.570796327,1.570796327,-1.570796327,0,0,0,0,1.570796327,3.141592654,1.570796327,1.570796327,1.570796327,0,3.141592654,0,1.570796327,1.570796327,1.570796327,1.570796327,3.141592654,3.141592654,-1.570796327,1.570796327,0,-1.570796327,0,3.141592654,1.570796327,1.570796327,3.141592654,-1.570796327,3.141592654,3.141592654,1.570796327,1.570796327,-1.570796327,3.141592654,1.570796327,1.570796327,0.469482421875,48440
0,0,1.570796327,1.570796327,0,-1.570796327,1.570796327,1.570796327,0,1.570796327,-1.570796327,-1.570796327,-1.570796327,0,1.570796327,3.141592654,0,1.570796327,1.570796327,3.141592654,1.570796327,-1.570796327,-1.570796327,3.141592654,1.570796327,-1.570796327,1.570796327,1.570796327,1.570796327,-1.570796327,1.570796327,0,-1.570796327,1.570796327,0,-1.570796327,1.570796327,-1.570796327,-1.570796327,3.141592654,0,3.141592654,-1.570796327,0,0,1.570796327,-1.570796327,3.141592654,1.570796327,1.570796327,0.463173828125,58482
3.141592654,1.570796327,1.570796327,3.141592654,1.570796327,-1.570796327,3.141592654,-1.570796327,-1.570796327,-1.570796327,1.570796327,3.141592654,0,3.141592654,-1.570796327,3.141592654,0,0,0,3.141592654,-1.570796327,0,0,-1.570796327,-1.570796327,3.141592654,1.570796327,0,0,1.570796327,0,1.570796327,3.141592654,3.141592654,-1.570796327,-1.570796327,0,3.141592654,-1.570796327,1.570796327,-1.570796327,1.570796327,3.141592654,1.570796327,1.570796327,3.141592654,3.141592654,0,3.141592654,1.570796327,0.475166015625,68422
-1.570796327,-1.570796327,3.141592654,0,1.570796327,-1.570796327,0,1.570796327,1.570796327,-1.570796327,3.141592654,3.141592654,1.570796327,-1.570796327,1.570796327,0,3.141592654,3.141592654,1.570796327,0,1.570796327,1.570796327,3.141592654,-1.570796327,-1.570796327,-1.570796327,1.570796327,0,-1.570796327,1.570796327,1.570796327,0,-1.570796327,1.570796327,0,-1.570796327,-1.570796327,-1.570796327,0,3.141592654,-1.570796327,3.141592654,1.570796327,1.570796327,3.141592654,0,1.570796327,3.141592654,1.570796327,3.141592654,0.470732421875,78643
1.570796327,1.570796327,0,-1.570796327,-1.570796327,1.570796327,-1.570796327,-1.570796327,3.141592654,0,1.570796327,-1.570796327,-1.570796327,-1.570796327,3.141592654,-1.570796327,1.570796327,-1.570796327,-1.570796327,-1.570796327,1.570796327,0,1.570796327,-1.570796327,-1.570796327,3.141592654,3.141592654,1.570796327,1.570796327,0,3.141592654,3.141592654,0,0,3.141592654,0,0,3.141592654,1.570796327,3.141592654,-1.570796327,0,0,0,3.141592654,-1.570796327,0,-1.570796327,1.570796327,3.141592654,0.465625,88415
3.141592654,-1.570796327,3.141592654,-1.570796327,1.570796327,1.570796327,-1.570796327,0,1.570796327,-1.570796327,-1.570796327,0,-1.570796327,3.141592654,0,3.141592654,1.570796327,-1.570796327,1.570796327,1.570796327,0,3.141592654,-1.570796327,3.141592654,0,1.570796327,1.570796327,-1.570796327,0,0,-1.570796327,1.570796327,3.141592654,0,1.570796327,0,3.141592654,3.141592654,1.570796327,1.570796327,3.141592654,1.570796327,1.570796327,3.141592654,0,-1.570796327,-1.570796327,0,3.141592654,-1.570796327,0.473544921875,98303
1.570796327,0,0,-1.570796327,0,3.141592654,-1.570796327,1.570796327,0,1.570796327,1.570796327,-1.570796327,3.141592654,-1.570796327,-1.570796327,0,1.570796327,0,3.141592654,0,-1.570796327,0,0,-1.570796327,-1.570796327,-1.570796327,0,-1.570796327,3.141592654,-1.570796327,3.141592654,1.570796327,-1.570796327,3.141592654,0,0,0,0,1.570796327,3.141592654,3.141592654,1.570796327,1.570796327,1.570796327,0,0,-1.570796327,-1.570796327,1.570796327,-1.570796327,0.476015625,107812
0,0,3.141592654,-1.570796327,-1.570796327,0,-1.570796327,-1.570796327,-1.570796327,-1.570796327,1.570796327,-1.570796327,1.570796327,3.141592654,3.141592654,1.570796327,0,1.570796327,-1.570796327,0,1.570796327,0,3.141592654,3.141592654,0,-1.570796327,1.570796327,-1.570796327,0,3.141592654,3.141592654,3.141592654,0,1.570796327,-1.570796327,3.141592654,-1.570796327,-1.570796327,-1.570796327,3.141592654,-1.570796327,1.570796327,1.570796327,-1.570796327,1.570796327,1.570796327,1.570796327,-1.570796327,0,0,0.46666015625,117734
0,1.570796327,-1.570796327,-1.570796327,-1.570796327,1.570796327,3.141592654,3.141592654,0,0,3.141592654,3.141592654,0,0,3.141592654,1.570796327,-1.570796327,-1.570796327,0,3.141592654,0,1.570796327,1.570796327,3.141592654,3.141592654,-1.570796327,0,3.141592654,-1.570796327,3.141592654,3.141592654,0,3.141592654,-1.570796327,0,-1.570796327,1.570796327,3.141592654,-1.570796327,0,1.570796327,1.570796327,3.141592654,1.570796327,-1.570796327,3.141592654,0,1.570796327,0,3.141592654,0.457998046875,127438
-1.570796327,1.570796327,-1.570796327,1.570796327,1.570796327,-1.570796327,0,0,-1.570796327,3.141592654,-1.570796327,1.570796327,-1.570796327,-1.570796327,0,-1.570796327,0,1.570796327,0,0,3.141592654,0,-1.570796327,-1.570796327,0,3.141592654,-1.570796327,0,1.570796327,0,0,0,3.141592654,-1.570796327,1.570796327,1.570796327,-1.570796327,1.570796327,1.570796327,3.141592654,-1.570796327,1.570796327,3.141592654,0,1.570796327,-1.570796327,1.570796327,3.141592654,3.141592654,3.141592654,0.47427734375,137346
3.141592654,1.570796327,3.141592654,-1.570796327,3.141592654,1.570796327,3.141592654,3.141592654,3.141592654,3.141592654,3.141592654,-1.570796327,0,1.570796327,0,1.570796327,3.141592654,-1.570796327,-1.570796327,0,3.141592654,0,3.141592654,0,1.570796327,0,0,3.141592654,1.570796327,1.570796327,0,3.141592654,-1.570796327,3.141592654,0,0,3.141592654,1.570796327,0,3.141592654,0,1.570796327,3.141592654,0,-1.570796327,0,3.141592654,0,-1.570796327,3.141592654,0.482978515625,146719
1.570796327,1.570796327,0,0,1.570796327,1.570796327,3.141592654,0,-1.570796327,-1.570796327,-1.570796327,-1.570796327,0,1.570796327,-1.570796327,0,-1.570796327,3.141592654,0,0,1.570796327,0,3.141592654,3.141592654,3.141592654,0,1.570796327,3.141592654,-1.570796327,-1.570796327,3.141592654,3.141592654,0,3.141592654,1.570796327,1.570796327,1.570796327,0,1.570796327,-1.570796327,-1.570796327,3.141592654,1.570796327,-1.570796327,0,-1.570796327,0,3.141592654,1.570796327,3.141592654,0.487236328125,156398
0,-1.570796327,3.141592654,3.141592654,0,1.570796327,3.141592654,0,3.141592654,0,-1.570796327,1.570796327,3.141592654,1.570796327,1.570796327,0,1.570796327,3.141592654,-1.570796327,0,3.141592654,0,3.141592654,-1.570796327,1.570796327,1.570796327,3.141592654,-1.570796327,3.141592654,1.570796327,1.570796327,1.570796327,0,3.141592654,1.570796327,1.570796327,3.141592654,0,0,0,1.570796327,3.141592654,3.141592654,0,1.570796327,-1.570796327,1.570796327,-1.570796327,1.570796327,3.141592654,0.47078125,166139
-1.570796327,1.570796327,0,-1.570796327,1.570796327,0,0,-1.570796327,1.570796327,1.570796327,0,3.141592654,1.570796327,3.141592654,0,1.570796327,-1.570796327,-1.570796327,3.141592654,1.570796327,-1.570796327,3.141592654,0,-1.570796327,0,-1.570796327,-1.570796327,1.570796327,1.570796327,3.141592654,-1.570796327,0,1.570796327,3.141592654,1.570796327,1.570796327,-1.570796327,0,3.141592654,-1.570796327,3.141592654,0,0,0,3.141592654,-1.570796327,0,1.570796327,1.570796327,1.570796327,0.46220703125,175726
3.141592654,-1.570796327,3.141592654,-1.570796327,1.570796327,-1.570796327,-1.570796327,0,-1.570796327,1.570796327,0,3.141592654,3.141592654,3.141592654,0,-1.570796327,1.570796327,1.570796327,1.570796327,1.570796327,1.570796327,-1.570796327,3.141592654,1.570796327,3.141592654,1.570796327,3.141592654,-1.570796327,3.141592654,1.570796327,-1.570796327,1.570796327,3.141592654,0,0,1.570796327,0,1.570796327,3.141592654,-1.570796327,1.570796327,1.570796327,-1.570796327,0,0,0,-1.570796327,-1.570796327,-1.570796327,0,0.47451171875,185526
-1.570796327,-1.570796327,0,1.570796327,0,1.570796327,0,3.141592654,3.141592654,3.141592654,3.141592654,-1.570796327,0,3.141592654,3.141592654,1.570796327,1.570796327,1.570796327,0,-1.570796327,-1.570796327,1.570796327,1.570796327,3.141592654,0,3.141592654,3.141592654,1.570796327,1.570796327,1.570796327,1.570796327,1.570796327,1.570796327,0,-1.570796327,0,1.570796327,-1.570796327,0,-1.570796327,0,0,1.570796327,1.570796327,0,-1.570796327,1.570796327,3.141592654,0,0,0.470224609375,195112


End of doe/resume phase, the number of evaluated configurations is: 20

End of DoE - Time   195.1238 sec
End of BO phase - Time     0.0000 sec
End of Bayesian Optimization
Total script time     195.12 sec
Best point found:
x0,x1,x2,x3,x4,x5,x6,x7,x8,x9,x10,x11,x12,x13,x14,x15,x16,x17,x18,x19,x20,x21,x22,x23,x24,x25,x26,x27,x28,x29,x30,x31,x32,x33,x34,x35,x36,x37,x38,x39,x40,x41,x42,x43,x44,x45,x46,x47,x48,x49,value
defaultdict(<class 'list'>, {'x0': [0], 'x1': [1.570796327], 'x2': [-1.570796327], 'x3': [-1.570796327], 'x4': [-1.570796327], 'x5': [1.570796327], 'x6': [3.141592654], 'x7': [3.141592654], 'x8': [0], 'x9': [0], 'x10': [3.141592654], 'x11': [3.141592654], 'x12': [0], 'x13': [0], 'x14': [3.141592654], 'x15': [1.570796327], 'x16': [-1.570796327], 'x17': [-1.570796327], 'x18': [0], 'x19': [3.141592654], 'x20': [0], 'x21': [1.570796327], 'x22': [1.570796327], 'x23': [3.141592654], 'x24': [3.141592654], 'x25': [-1.570796327], 'x26': [0], 'x27': [3.141592654], 'x28': [-1.570796327], 'x29': [3.141592654], 'x30': [3.141592654], 'x31': [0], 'x32': [3.141592654], 'x33': [-1.570796327], 'x34': [0], 'x35': [-1.570796327], 'x36': [1.570796327], 'x37': [3.141592654], 'x38': [-1.570796327], 'x39': [0], 'x40': [1.570796327], 'x41': [1.570796327], 'x42': [3.141592654], 'x43': [1.570796327], 'x44': [-1.570796327], 'x45': [3.141592654], 'x46': [0], 'x47': [1.570796327], 'x48': [0], 'x49': [3.141592654], 'value': [0.457998046875]})

End of HyperMapper
