{'application_name': 'vqc_init', 'optimization_objectives': ['value'], 'optimization_iterations': 0, 'models': {'model': 'random_forest', 'number_of_trees': 10, 'max_features': 0.5, 'bootstrap': False, 'min_samples_split': 5}, 'input_parameters': {'x0': {'parameter_type': 'ordinal', 'values': [0, 1.570796327, 3.141592654, -1.570796327], 'parameter_default': 1.570796327, 'prior': 'uniform', 'custom_gaussian_prior_means': False, 'custom_gaussian_prior_stds': False}, 'x1': {'parameter_type': 'ordinal', 'values': [0, 1.570796327, 3.141592654, -1.570796327], 'parameter_default': -1.570796327, 'prior': 'uniform', 'custom_gaussian_prior_means': False, 'custom_gaussian_prior_stds': False}, 'x2': {'parameter_type': 'ordinal', 'values': [0, 1.570796327, 3.141592654, -1.570796327], 'parameter_default': 1.570796327, 'prior': 'uniform', 'custom_gaussian_prior_means': False, 'custom_gaussian_prior_stds': False}, 'x3': {'parameter_type': 'ordinal', 'values': [0, 1.570796327, 3.141592654, -1.570796327], 'parameter_default': 1.570796327, 'prior': 'uniform', 'custom_gaussian_prior_means': False, 'custom_gaussian_prior_stds': False}, 'x4': {'parameter_type': 'ordinal', 'values': [0, 1.570796327, 3.141592654, -1.570796327], 'parameter_default': 0, 'prior': 'uniform', 'custom_gaussian_prior_means': False, 'custom_gaussian_prior_stds': False}, 'x5': {'parameter_type': 'ordinal', 'values': [0, 1.570796327, 3.141592654, -1.570796327], 'parameter_default': 1.570796327, 'prior': 'uniform', 'custom_gaussian_prior_means': False, 'custom_gaussian_prior_stds': False}, 'x6': {'parameter_type': 'ordinal', 'values': [0, 1.570796327, 3.141592654, -1.570796327], 'parameter_default': -1.570796327, 'prior': 'uniform', 'custom_gaussian_prior_means': False, 'custom_gaussian_prior_stds': False}, 'x7': {'parameter_type': 'ordinal', 'values': [0, 1.570796327, 3.141592654, -1.570796327], 'parameter_default': 0, 'prior': 'uniform', 'custom_gaussian_prior_means': False, 'custom_gaussian_prior_stds': False}, 'x8': {'parameter_type': 'ordinal', 'values': [0, 1.570796327, 3.141592654, -1.570796327], 'parameter_default': 1.570796327, 'prior': 'uniform', 'custom_gaussian_prior_means': False, 'custom_gaussian_prior_stds': False}, 'x9': {'parameter_type': 'ordinal', 'values': [0, 1.570796327, 3.141592654, -1.570796327], 'parameter_default': 0, 'prior': 'uniform', 'custom_gaussian_prior_means': False, 'custom_gaussian_prior_stds': False}, 'x10': {'parameter_type': 'ordinal', 'values': [0, 1.570796327, 3.141592654, -1.570796327], 'parameter_default': 3.141592654, 'prior': 'uniform', 'custom_gaussian_prior_means': False, 'custom_gaussian_prior_stds': False}, 'x11': {'parameter_type': 'ordinal', 'values': [0, 1.570796327, 3.141592654, -1.570796327], 'parameter_default': -1.570796327, 'prior': 'uniform', 'custom_gaussian_prior_means': False, 'custom_gaussian_prior_stds': False}, 'x12': {'parameter_type': 'ordinal', 'values': [0, 1.570796327, 3.141592654, -1.570796327], 'parameter_default': 0, 'prior': 'uniform', 'custom_gaussian_prior_means': False, 'custom_gaussian_prior_stds': False}, 'x13': {'parameter_type': 'ordinal', 'values': [0, 1.570796327, 3.141592654, -1.570796327], 'parameter_default': 1.570796327, 'prior': 'uniform', 'custom_gaussian_prior_means': False, 'custom_gaussian_prior_stds': False}, 'x14': {'parameter_type': 'ordinal', 'values': [0, 1.570796327, 3.141592654, -1.570796327], 'parameter_default': -1.570796327, 'prior': 'uniform', 'custom_gaussian_prior_means': False, 'custom_gaussian_prior_stds': False}, 'x15': {'parameter_type': 'ordinal', 'values': [0, 1.570796327, 3.141592654, -1.570796327], 'parameter_default': 0, 'prior': 'uniform', 'custom_gaussian_prior_means': False, 'custom_gaussian_prior_stds': False}, 'x16': {'parameter_type': 'ordinal', 'values': [0, 1.570796327, 3.141592654, -1.570796327], 'parameter_default': 1.570796327, 'prior': 'uniform', 'custom_gaussian_prior_means': False, 'custom_gaussian_prior_stds': False}, 'x17': {'parameter_type': 'ordinal', 'values': [0, 1.570796327, 3.141592654, -1.570796327], 'parameter_default': 3.141592654, 'prior': 'uniform', 'custom_gaussian_prior_means': False, 'custom_gaussian_prior_stds': False}, 'x18': {'parameter_type': 'ordinal', 'values': [0, 1.570796327, 3.141592654, -1.570796327], 'parameter_default': 0, 'prior': 'uniform', 'custom_gaussian_prior_means': False, 'custom_gaussian_prior_stds': False}, 'x19': {'parameter_type': 'ordinal', 'values': [0, 1.570796327, 3.141592654, -1.570796327], 'parameter_default': 3.141592654, 'prior': 'uniform', 'custom_gaussian_prior_means': False, 'custom_gaussian_prior_stds': False}, 'x20': {'parameter_type': 'ordinal', 'values': [0, 1.570796327, 3.141592654, -1.570796327], 'parameter_default': 0, 'prior': 'uniform', 'custom_gaussian_prior_means': False, 'custom_gaussian_prior_stds': False}, 'x21': {'parameter_type': 'ordinal', 'values': [0, 1.570796327, 3.141592654, -1.570796327], 'parameter_default': 3.141592654, 'prior': 'uniform', 'custom_gaussian_prior_means': False, 'custom_gaussian_prior_stds': False}, 'x22': {'parameter_type': 'ordinal', 'values': [0, 1.570796327, 3.141592654, -1.570796327], 'parameter_default': 1.570796327, 'prior': 'uniform', 'custom_gaussian_prior_means': False, 'custom_gaussian_prior_stds': False}, 'x23': {'parameter_type': 'ordinal', 'values': [0, 1.570796327, 3.141592654, -1.570796327], 'parameter_default': -1.570796327, 'prior': 'uniform', 'custom_gaussian_prior_means': False, 'custom_gaussian_prior_stds': False}, 'x24': {'parameter_type': 'ordinal', 'values': [0, 1.570796327, 3.141592654, -1.570796327], 'parameter_default': -1.570796327, 'prior': 'uniform', 'custom_gaussian_prior_means': False, 'custom_gaussian_prior_stds': False}, 'x25': {'parameter_type': 'ordinal', 'values': [0, 1.570796327, 3.141592654, -1.570796327], 'parameter_default': 3.141592654, 'prior': 'uniform', 'custom_gaussian_prior_means': False, 'custom_gaussian_prior_stds': False}, 'x26': {'parameter_type': 'ordinal', 'values': [0, 1.570796327, 3.141592654, -1.570796327], 'parameter_default': -1.570796327, 'prior': 'uniform', 'custom_gaussian_prior_means': False, 'custom_gaussian_prior_stds': False}, 'x27': {'parameter_type': 'ordinal', 'values': [0, 1.570796327, 3.141592654, -1.570796327], 'parameter_default': 3.141592654, 'prior': 'uniform', 'custom_gaussian_prior_means': False, 'custom_gaussian_prior_stds': False}, 'x28': {'parameter_type': 'ordinal', 'values': [0, 1.570796327, 3.141592654, -1.570796327], 'parameter_default': 3.141592654, 'prior': 'uniform', 'custom_gaussian_prior_means': False, 'custom_gaussian_prior_stds': False}, 'x29': {'parameter_type': 'ordinal', 'values': [0, 1.570796327, 3.141592654, -1.570796327], 'parameter_default': -1.570796327, 'prior': 'uniform', 'custom_gaussian_prior_means': False, 'custom_gaussian_prior_stds': False}, 'x30': {'parameter_type': 'ordinal', 'values': [0, 1.570796327, 3.141592654, -1.570796327], 'parameter_default': -1.570796327, 'prior': 'uniform', 'custom_gaussian_prior_means': False, 'custom_gaussian_prior_stds': False}, 'x31': {'parameter_type': 'ordinal', 'values': [0, 1.570796327, 3.141592654, -1.570796327], 'parameter_default': 1.570796327, 'prior': 'uniform', 'custom_gaussian_prior_means': False, 'custom_gaussian_prior_stds': False}, 'x32': {'parameter_type': 'ordinal', 'values': [0, 1.570796327, 3.141592654, -1.570796327], 'parameter_default': 3.141592654, 'prior': 'uniform', 'custom_gaussian_prior_means': False, 'custom_gaussian_prior_stds': False}, 'x33': {'parameter_type': 'ordinal', 'values': [0, 1.570796327, 3.141592654, -1.570796327], 'parameter_default': -1.570796327, 'prior': 'uniform', 'custom_gaussian_prior_means': False, 'custom_gaussian_prior_stds': False}, 'x34': {'parameter_type': 'ordinal', 'values': [0, 1.570796327, 3.141592654, -1.570796327], 'parameter_default': 3.141592654, 'prior': 'uniform', 'custom_gaussian_prior_means': False, 'custom_gaussian_prior_stds': False}, 'x35': {'parameter_type': 'ordinal', 'values': [0, 1.570796327, 3.141592654, -1.570796327], 'parameter_default': -1.570796327, 'prior': 'uniform', 'custom_gaussian_prior_means': False, 'custom_gaussian_prior_stds': False}, 'x36': {'parameter_type': 'ordinal', 'values': [0, 1.570796327, 3.141592654, -1.570796327], 'parameter_default': 0, 'prior': 'uniform', 'custom_gaussian_prior_means': False, 'custom_gaussian_prior_stds': False}, 'x37': {'parameter_type': 'ordinal', 'values': [0, 1.570796327, 3.141592654, -1.570796327], 'parameter_default': 3.141592654, 'prior': 'uniform', 'custom_gaussian_prior_means': False, 'custom_gaussian_prior_stds': False}, 'x38': {'parameter_type': 'ordinal', 'values': [0, 1.570796327, 3.141592654, -1.570796327], 'parameter_default': 0, 'prior': 'uniform', 'custom_gaussian_prior_means': False, 'custom_gaussian_prior_stds': False}, 'x39': {'parameter_type': 'ordinal', 'values': [0, 1.570796327, 3.141592654, -1.570796327], 'parameter_default': 1.570796327, 'prior': 'uniform', 'custom_gaussian_prior_means': False, 'custom_gaussian_prior_stds': False}, 'x40': {'parameter_type': 'ordinal', 'values': [0, 1.570796327, 3.141592654, -1.570796327], 'parameter_default': 1.570796327, 'prior': 'uniform', 'custom_gaussian_prior_means': False, 'custom_gaussian_prior_stds': False}, 'x41': {'parameter_type': 'ordinal', 'values': [0, 1.570796327, 3.141592654, -1.570796327], 'parameter_default': 0, 'prior': 'uniform', 'custom_gaussian_prior_means': False, 'custom_gaussian_prior_stds': False}, 'x42': {'parameter_type': 'ordinal', 'values': [0, 1.570796327, 3.141592654, -1.570796327], 'parameter_default': 0, 'prior': 'uniform', 'custom_gaussian_prior_means': False, 'custom_gaussian_prior_stds': False}, 'x43': {'parameter_type': 'ordinal', 'values': [0, 1.570796327, 3.141592654, -1.570796327], 'parameter_default': 3.141592654, 'prior': 'uniform', 'custom_gaussian_prior_means': False, 'custom_gaussian_prior_stds': False}, 'x44': {'parameter_type': 'ordinal', 'values': [0, 1.570796327, 3.141592654, -1.570796327], 'parameter_default': 0, 'prior': 'uniform', 'custom_gaussian_prior_means': False, 'custom_gaussian_prior_stds': False}, 'x45': {'parameter_type': 'ordinal', 'values': [0, 1.570796327, 3.141592654, -1.570796327], 'parameter_default': 0, 'prior': 'uniform', 'custom_gaussian_prior_means': False, 'custom_gaussian_prior_stds': False}, 'x46': {'parameter_type': 'ordinal', 'values': [0, 1.570796327, 3.141592654, -1.570796327], 'parameter_default': -1.570796327, 'prior': 'uniform', 'custom_gaussian_prior_means': False, 'custom_gaussian_prior_stds': False}, 'x47': {'parameter_type': 'ordinal', 'values': [0, 1.570796327, 3.141592654, -1.570796327], 'parameter_default': 3.141592654, 'prior': 'uniform', 'custom_gaussian_prior_means': False, 'custom_gaussian_prior_stds': False}, 'x48': {'parameter_type': 'ordinal', 'values': [0, 1.570796327, 3.141592654, -1.570796327], 'parameter_default': 1.570796327, 'prior': 'uniform', 'custom_gaussian_prior_means': False, 'custom_gaussian_prior_stds': False}, 'x49': {'parameter_type': 'ordinal', 'values': [0, 1.570796327, 3.141592654, -1.570796327], 'parameter_default': 1.570796327, 'prior': 'uniform', 'custom_gaussian_prior_means': False, 'custom_gaussian_prior_stds': False}}, 'print_best': False, 'number_of_cpus': 1, 'print_posterior_best': False, 'design_of_experiment': {'doe_type': 'random sampling', 'number_of_samples': 20}, 'log_file': 'D:\\QML\\QML_Cliiford\\5qubits\\parllelresume_4.csvhypermapper_log_4.log', 'output_data_file': 'D:\\QML\\QML_Cliiford\\5qubits\\parllelresume_4.csvhypermapper_output_4.csv', 'verbose_logging': False, 'profiling': False, 'noise': True, 'profiling_file': 'profiles/profile.csv', 'append_profiles': False, 'max_number_of_predictions': 1000000, 'time_budget': -1, 'number_of_repetitions': 1, 'hypermapper_mode': {'mode': 'default'}, 'output_image': {'output_image_pdf_file': 'output_pareto.pdf', 'image_xlog': False, 'image_ylog': False}, 'feasible_output': {'name': 'Valid', 'true_value': 'True', 'false_value': 'False', 'enable_feasible_predictor': False, 'enable_feasible_predictor_grid_search_on_recall_and_precision': False, 'feasible_predictor_grid_search_validation_file': '/home/lnardi/spatial-lang/results/apps_classification_test_set/BlackScholes.csv'}, 'timestamp': 'Timestamp', 'evaluations_per_optimization_iteration': 1, 'run_directory': '.', 'output_pareto_file': 'output_pareto.csv', 'acquisition_function': 'EI', 'scalarization_method': 'tchebyshev', 'weight_sampling': 'flat', 'bounding_box_limits': [0, 1], 'optimization_method': 'bayesian_optimization', 'local_search_starting_points': 10, 'local_search_random_points': 10000, 'local_search_evaluation_limit': -1, 'scalarization_key': 'scalarization', 'local_search_scalarization_weights': [1], 'print_parameter_importance': False, 'normalize_inputs': False, 'epsilon_greedy_threshold': 0.1, 'prior_method': 'pibo', 'prior_beta': -1, 'prior_floor': 1e-06, 'model_posterior_weight': 10, 'model_good_quantile': 0.05, 'prior_estimation_file': 'samples.csv', 'prior_estimation_quantile': 0.1, 'estimate_multivariate_priors': False, 'resume_optimization': False, 'resume_optimization_data': 'output_samples.csv', 'bandwidth_parameter': 0, 'bandwidth_n_factor': 100, 'prior_limit_estimation_points': 10000, 'posterior_computation_lower_limit': 1e-08, 'custom_gaussian_prior_means': [0], 'custom_gaussian_prior_stds': [-1], 'acquisition_function_optimizer': 'local_search', 'evolution_population_size': 50, 'evolution_generations': 150, 'mutation_rate': 1, 'evolution_crossover': False, 'regularize_evolution': False, 'batch_size': 2, 'cma_es_sigma': 0.2, 'cma_es_starting_points': 1, 'cma_es_random_points': 10000}
Design of experiment phase, number of new doe samples = 20 .......
0.0 0
0.03125 1
0.03125 1
0.03125 0
0.03125 1
0.03125 1
0.03125 0
0.03125 1
0.0 0
0.03125 1
0.03125 1
0.0 1
0.03125 1
0.03125 0
0.03125 1
0.03125 0
0.03125 0
0.03125 0
0.03125 1
0.03125 0
0.0 0
0.03125 1
0.0 1
0.03125 1
0.03125 1
0.03125 0
0.03125 0
0.0625 1
0.03125 0
0.03125 0
0.03125 1
0.03125 0
0.03125 0
0.03125 1
0.03125 1
0.03125 1
0.03125 1
0.0625 1
0.03125 1
0.03125 1
0.0625 0
0.03125 1
0.03125 0
0.03125 1
0.03125 1
0.03125 0
0.0 0
0.03125 0
0.03125 0
0.0 1
0.03125 0
0.0 1
0.0 0
0.03125 0
0.0 0
0.0 1
0.0 0
0.03125 1
0.03125 1
0.03125 0
0.0625 0
0.03125 1
0.0 0
0.03125 1
0.0 1
0.03125 1
0.0 1
0.0 0
0.03125 0
0.03125 0
0.03125 1
0.03125 0
0.03125 1
0.03125 0
0.03125 0
0.03125 1
0.03125 0
0.03125 0
0.03125 1
0.03125 1
0.03125 0
0.03125 0
0.03125 1
0.0625 0
0.03125 0
0.0625 0
0.03125 0
0.0625 1
0.03125 1
0.03125 1
0.03125 1
0.03125 0
0.0 0
0.03125 0
0.0625 0
0.0 1
0.03125 1
0.03125 1
0.03125 0
0.03125 0
0.03125 0
0.03125 1
0.03125 1
0.03125 0
0.03125 1
0.03125 1
0.03125 0
0.03125 1
0.0625 0
0.03125 1
0.03125 1
0.03125 1
0.03125 1
0.03125 0
0.03125 1
0.03125 0
0.03125 0
0.03125 0
0.03125 1
0.03125 0
0.03125 0
0.0625 1
0.0625 1
0.03125 1
0.03125 1
0.03125 0
0.03125 0
0.03125 1
0.03125 0
0.03125 0
0.03125 1
0.03125 0
0.03125 0
0.03125 1
0.03125 1
0.03125 1
0.03125 1
0.0 1
0.0625 1
0.03125 1
0.0 0
0.03125 1
0.03125 0
0.03125 1
0.03125 1
0.03125 0
0.0 0
0.03125 0
0.03125 0
0.0625 1
0.0 0
0.03125 1
0.0625 0
0.03125 0
0.0625 0
0.03125 1
0.0 0
0.03125 1
0.03125 1
0.03125 0
0.0 0
0.03125 1
0.0625 0
0.03125 1
0.0 1
0.03125 1
0.03125 1
0.0625 0
0.03125 0
0.03125 0
0.03125 1
0.03125 0
0.0625 1
0.03125 0
0.0625 0
0.03125 1
0.03125 0
0.03125 0
0.03125 1
0.03125 1
0.03125 0
0.03125 0
0.03125 1
0.03125 0
0.03125 0
0.03125 0
0.03125 0
0.03125 1
0.03125 1
0.03125 1
0.03125 1
0.03125 0
0.03125 0
0.03125 0
0.03125 0
0.03125 1
0.0625 1
0.03125 1
0.03125 0
0.03125 0
0.0625 0
0.0 1
0.03125 1
0.03125 0
0.03125 1
0.03125 1
0.0625 0
0.0625 1
0.03125 0
0.03125 1
0.0 1
0.0 1
0.0 1
0.03125 0
0.03125 1
0.03125 0
0.0625 0
0.03125 0
0.0 1
0.03125 0
0.0 0
0.03125 1
0.03125 1
0.03125 1
0.0625 1
0.0625 0
0.03125 0
0.0625 1
0.0 0
0.03125 0
0.0 1
0.03125 0
0.0625 0
0.03125 1
0.03125 1
0.03125 1
0.0 1
0.0 1
0.0 1
0.03125 1
0.03125 0
0.03125 1
0.0 0
0.03125 1
0.0625 1
0.0 0
0.0 0
0.0 0
0.0 0
0.03125 1
0.0625 0
0.0 1
0.03125 0
0.0625 0
0.03125 0
0.0 1
0.0625 0
0.0 1
0.0625 1
0.03125 0
0.03125 0
0.0625 1
0.03125 0
0.0625 1
0.03125 1
0.03125 1
0.03125 1
0.03125 0
0.03125 0
0.03125 0
0.03125 1
0.03125 0
0.0 1
0.0625 0
0.0 0
0.03125 1
0.0625 0
0.0625 0
0.0 1
0.0 1
0.03125 0
0.0625 0
0.03125 1
0.03125 0
0.03125 0
0.03125 0
0.03125 0
0.03125 1
0.03125 1
0.0 1
0.0 1
0.0 0
0.03125 0
0.03125 0
0.0 0
0.03125 1
0.0 1
0.03125 1
0.0625 0
0.03125 0
0.0 0
0.0 1
0.03125 1
0.125 0
0.0625 1
0.0625 1
0.03125 0
0.03125 1
0.0625 0
0.03125 1
0.03125 1
0.0 1
0.03125 1
0.0625 0
0.03125 1
0.125 0
0.03125 0
0.0625 0
0.0 1
0.0625 0
0.0625 0
0.03125 1
0.03125 1
0.0625 1
0.0 1
0.03125 0
0.03125 0
0.0625 1
0.0625 0
0.0625 0
0.03125 1
0.0625 0
0.03125 0
0.0 1
0.0625 1
0.0625 1
0.03125 1
0.03125 1
0.0 1
0.0625 1
0.0625 0
0.03125 1
0.03125 0
0.0 1
0.0 1
0.0625 0
0.03125 0
0.0625 0
0.0625 0
0.03125 1
0.0625 0
0.0 1
0.0625 0
0.03125 0
0.0625 0
0.0 1
0.03125 0
0.03125 1
0.03125 1
0.125 0
0.0625 0
0.0625 1
0.0625 0
0.03125 1
0.03125 1
0.03125 1
0.03125 1
0.0625 0
0.125 0
0.125 0
0.125 1
0.125 0
0.0 1
0.03125 0
0.125 0
0.0625 1
0.03125 0
0.03125 0
0.0625 1
0.03125 1
0.0 0
0.0625 0
0.125 1
0.03125 0
0.125 0
0.03125 0
0.125 0
0.03125 1
0.0 1
0.03125 1
0.03125 1
0.0 0
0.03125 0
0.125 0
0.0 0
0.03125 1
0.0 1
0.0 1
0.03125 0
0.03125 0
0.0625 0
0.0 1
0.03125 1
0.125 0
0.0 1
0.0 1
0.0 0
0.0625 1
0.03125 0
0.03125 1
0.0 1
0.0625 1
0.0 1
0.0 0
0.03125 1
0.125 0
0.0 0
0.0 0
0.0 1
0.0 0
0.0 0
0.03125 1
0.03125 1
0.0 1
0.0 1
0.0 0
0.03125 0
0.0 1
0.0 0
0.0 0
0.0 1
0.0 0
0.0 0
0.0 1
0.0 1
0.0 1
0.0 1
0.0 1
0.0625 1
0.0 1
0.03125 0
0.03125 1
0.0625 0
0.0 1
0.0 1
0.0 0
0.0 0
0.0 0
0.0 0
0.03125 1
0.03125 0
0.0625 1
0.03125 0
0.0 0
0.03125 0
0.0625 1
0.0625 0
0.0 1
0.25 1
0.125 0
0.03125 0
0.0 1
0.03125 0
0.0 1
0.03125 1
0.03125 1
0.0 1
0.03125 0
0.125 0
0.125 0
0.125 1
0.125 0
0.0 1
0.0 0
0.0 0
0.0 1
0.0 0
0.0 0
0.0 1
0.0 1
0.0 0
0.0 0
0.0 1
0.0 0
0.0 0
0.0 0
0.125 0
0.0 1
0.0 1
0.0 1
0.0 1
0.125 0
0.0 0
0.125 0
0.0625 0
0.0 1
0.0625 1
0.0 1
0.0 0
0.03125 0
0.03125 0
0.0 1
0.0 1
0.0 0
0.0 1
0.0 1
0.0 0
0.0 1
0.0 0
0.0 1
0.0625 1
0.0 1
0.0 1
0.0 0
0.0 1
0.0 0
0.0625 0
0.0 0
0.0 1
0.0 0
0.03125 0
0.0625 1
0.03125 1
0.0 1
0.0625 1
0.0625 0
0.0 0
0.03125 1
0.0 0
0.0 0
0.0 1
0.0 0
0.0625 0
0.0 1
0.0 1
0.0 1
0.0625 1
0.0 1
0.03125 1
0.0 1
0.0 0
0.0 1
0.125 0
0.0 1
0.0 1
0.0 0
0.0 0
0.0 0
0.0 0
0.03125 1
0.0 0
0.0 1
0.0 0
0.0 0
0.0 0
0.0 1
0.0625 0
0.0 1
0.0 1
0.0 0
0.0 0
0.0 1
0.0 0
0.0 1
0.03125 1
0.0 1
0.0 1
0.0 0
0.0 0
0.0 0
0.0 1
0.0 0
0.03125 1
0.0 0
0.03125 0
0.0 1
0.0625 0
0.0625 0
0.0 1
0.0625 1
0.0 0
0.0625 0
0.0 1
0.0625 0
0.0 0
0.0625 0
0.0 0
0.0625 1
0.0 1
0.0625 1
0.0 1
0.0625 0
0.0625 0
0.0 0
0.0 0
0.0 1
0.03125 1
0.0 1
0.0 0
0.0 0
0.0625 0
0.03125 1
0.0 1
0.0625 0
0.0625 1
0.0 1
0.0 0
0.0 1
0.0625 0
0.0 1
0.0 1
0.0 1
0.0 1
0.0625 0
0.0 1
0.0625 0
0.0 0
0.0625 0
0.03125 1
0.0625 0
0.0 0
0.03125 1
0.03125 1
0.0 1
0.03125 1
0.0 0
0.0 0
0.0625 1
0.03125 0
0.0625 0
0.0 1
0.0625 0
0.0 0
0.0 1
0.0625 1
0.0625 1
0.0 1
0.03125 1
0.03125 1
0.0625 1
0.0625 0
0.0 1
0.0625 0
0.0 1
0.03125 1
0.03125 0
0.03125 0
0.03125 0
0.03125 0
0.03125 1
0.03125 0
0.0 1
0.0625 0
0.0625 0
0.0625 0
0.0 1
0.03125 0
0.125 1
0.0 1
0.0625 0
0.0625 0
0.03125 1
0.0625 0
0.0625 1
0.03125 1
0.0 1
0.03125 1
0.0625 0
0.0625 0
0.0625 0
0.0625 1
0.0625 0
0.03125 1
0.0 0
0.03125 0
0.0 1
0.0 0
0.0 0
0.03125 1
0.0 1
0.0 0
0.03125 0
0.0625 1
0.03125 0
0.0 0
0.03125 0
0.0625 0
0.03125 1
0.0 1
0.0 1
0.125 1
0.03125 0
0.03125 0
0.0625 0
0.125 0
0.03125 1
0.03125 1
0.0 1
0.0 0
0.0 0
0.0625 0
0.0 1
0.0 1
0.0625 0
0.03125 1
0.03125 1
0.0 0
0.0 1
0.03125 0
0.0 1
0.0 1
0.03125 1
0.0625 1
0.03125 0
0.0 1
0.0625 0
0.0 0
0.03125 0
0.0 1
0.03125 0
0.0625 0
0.0 1
0.0 1
0.03125 1
0.0625 1
0.0 0
0.0625 0
0.0 1
0.0625 0
0.03125 0
0.0625 1
0.03125 0
0.0 0
0.03125 1
0.03125 1
0.03125 1
0.0 1
0.03125 1
0.0625 1
0.03125 1
0.03125 0
0.0 1
0.0 0
0.03125 1
0.0625 1
0.0625 0
0.03125 0
0.0625 0
0.0625 0
0.0625 1
0.0625 0
0.03125 1
0.03125 0
0.0 0
0.03125 0
0.03125 1
0.03125 0
0.0 1
0.0625 1
0.0625 0
0.03125 0
0.0625 1
0.03125 0
0.0625 1
0.0625 1
0.0 1
0.0 1
0.03125 0
0.0625 0
0.0625 0
0.0625 1
0.0625 0
0.0625 1
0.0 0
0.0 0
0.03125 1
0.0 0
0.0 0
0.0625 1
0.0625 1
0.03125 0
0.0 0
0.0 1
0.0 0
0.0 0
0.0 0
0.0625 0
0.0 1
0.03125 1
0.0 1
0.0 1
0.0 0
0.0 0
0.0625 0
0.03125 0
0.0625 1
0.0 1
0.0 1
0.0 0
0.0625 0
0.03125 0
0.0 1
0.03125 1
0.0 0
0.03125 1
0.03125 1
0.03125 0
0.03125 1
0.03125 0
0.03125 1
0.03125 1
0.03125 1
0.03125 1
0.03125 0
0.03125 1
0.0 0
0.03125 0
0.03125 0
0.0 1
0.03125 0
0.03125 0
0.03125 1
0.0625 1
0.03125 1
0.03125 1
0.03125 0
0.03125 0
0.03125 1
0.0 0
0.03125 0
0.03125 1
0.03125 0
0.03125 0
0.03125 1
0.03125 1
0.03125 1
0.03125 1
0.03125 1
0.03125 1
0.03125 1
0.03125 0
0.03125 1
0.03125 0
0.03125 1
0.0625 1
0.0 0
0.03125 0
0.0 0
0.0 0
0.0 1
0.03125 0
0.03125 1
0.03125 0
0.03125 0
0.03125 0
0.03125 1
0.03125 0
0.03125 1
0.03125 1
0.0 0
0.03125 0
0.0625 1
0.03125 0
0.03125 1
0.0 1
0.03125 1
0.03125 1
0.03125 0
0.0 0
0.0 0
0.0 1
0.0 0
0.03125 1
0.03125 0
0.03125 0
0.03125 1
0.03125 0
0.03125 0
0.0 1
0.03125 1
0.03125 0
0.0 0
0.0 1
0.03125 0
0.0 0
0.03125 0
0.0 0
0.03125 1
0.03125 1
0.03125 1
0.03125 1
0.0625 0
0.03125 0
0.0 0
0.03125 0
0.03125 1
0.03125 1
0.0 1
0.03125 0
0.03125 0
0.03125 0
0.03125 1
0.0625 1
0.03125 0
0.0625 1
0.0625 1
0.0625 0
0.03125 1
0.0 0
0.0625 1
0.0625 1
0.03125 1
0.03125 1
0.0625 0
0.0625 1
0.03125 0
0.0625 0
0.0625 0
0.03125 1
0.0625 0
0.03125 0
0.0 1
0.03125 1
0.0625 1
0.0 1
0.0625 0
0.0 0
0.03125 1
0.03125 0
0.0625 0
0.03125 1
0.0625 0
0.0625 0
0.0625 1
0.0625 1
0.0 1
0.0625 1
0.0625 1
0.0 1
0.0625 1
0.0 0
0.0625 1
0.03125 0
0.0625 1
0.03125 1
0.03125 0
0.0625 0
0.03125 0
0.03125 0
0.03125 1
0.03125 0
0.03125 1
0.0 0
0.03125 0
0.0 0
0.03125 1
0.0 0
0.0625 1
0.0 1
0.03125 0
0.0 0
0.03125 1
0.0 0
0.03125 1
0.03125 1
0.0625 1
0.03125 1
0.0 0
0.03125 0
0.03125 0
0.03125 1
0.03125 0
0.0 1
0.0625 0
0.0625 0
0.0625 1
0.0625 0
0.0625 0
0.03125 1
0.0 1
0.0625 0
0.03125 0
0.03125 1
0.03125 0
0.03125 0
0.03125 0
0.03125 0
0.03125 1
0.0 1
0.0625 1
0.0625 1
0.03125 0
0.03125 0
0.03125 0
0.03125 0
0.03125 1
0.0625 1
0.03125 1
0.0625 0
0.0 0
0.0 0
0.03125 1
0.03125 1
0.0 0
0.0625 1
0.0625 1
0.03125 0
0.0 1
0.0625 0
0.03125 1
0.03125 1
0.0625 1
0.0 1
0.0625 0
0.03125 1
0.0 0
0.03125 0
0.0625 0
0.03125 1
0.0625 0
0.0625 0
0.03125 1
0.0 1
0.0625 1
0.0625 1
0.03125 0
0.03125 0
0.0 1
0.03125 0
0.0625 0
0.0 1
0.0625 0
0.03125 0
0.0 1
0.0625 1
0.0625 1
0.03125 1
0.0625 1
0.03125 1
0.0625 1
0.0625 0
0.03125 1
0.0625 0
0.0 1
0.03125 1
0.03125 0
0.0 0
0.03125 0
0.03125 0
0.0625 1
0.0625 0
0.0625 1
0.0625 0
0.0 0
0.0625 0
0.0625 1
0.0 0
0.03125 1
0.03125 1
0.0 0
0.0625 0
0.03125 1
0.0625 0
0.0625 1
0.0625 1
0.03125 1
0.03125 1
0.0625 0
0.0 0
0.0 0
0.0 1
0.0 0
0.03125 1
0.03125 0
0.03125 0
0.0625 1
0.03125 0
0.03125 0
0.03125 1
0.03125 1
0.0 0
0.03125 0
0.125 1
0.03125 0
0.0 0
0.03125 0
0.0 0
0.03125 1
0.0 1
0.03125 1
0.03125 1
0.03125 0
0.03125 0
0.0 0
0.0625 0
0.03125 1
0.03125 1
0.0 1
0.03125 0
0.03125 0
0.0 0
0.03125 1
0.0625 1
0.03125 0
0.0625 1
0.0625 1
0.03125 0
0.0 1
0.0625 0
0.0625 1
0.03125 1
0.03125 1
0.125 1
0.0625 0
0.0625 1
0.03125 0
0.03125 0
0.0625 0
0.03125 1
0.0625 0
0.0 0
0.03125 1
0.03125 1
0.0625 1
0.0 1
0.03125 0
0.0625 0
0.0625 1
0.03125 0
0.0625 0
0.125 1
0.0625 0
0.03125 0
0.0 1
0.0625 1
0.0 1
0.03125 1
0.03125 1
0.0 1
0.0625 1
0.0625 0
0.0625 1
0.0 0
0.0 1
0.03125 1
0.03125 0
0.03125 0
0.03125 0
0.03125 0
0.03125 1
0.03125 0
0.03125 1
0.0625 0
0.0 0
0.0625 0
0.03125 1
0.03125 0
0.03125 1
0.03125 1
0.03125 0
0.0625 0
0.03125 1
0.0625 0
0.0 1
0.03125 1
0.0625 1
0.03125 1
0.0625 0
0.03125 0
0.03125 0
0.03125 1
0.03125 0
0.0625 1
0.03125 0
0.0625 0
0.0625 1
0.03125 0
0.03125 0
0.03125 1
0.03125 1
0.0 0
0.03125 0
0.03125 1
0.03125 0
0.03125 0
0.03125 0
0.03125 0
0.03125 1
0.0625 1
0.03125 1
0.03125 1
0.03125 0
0.03125 0
0.03125 0
0.03125 0
0.03125 1
0.0 1
0.03125 1
0.03125 0
0.0625 0
0.03125 0
0.0 1
0.03125 1
0.125 0
0.0625 1
0.0625 1
0.03125 0
0.03125 1
0.0625 0
0.03125 1
0.03125 1
0.03125 1
0.03125 1
0.0625 0
0.03125 1
0.125 0
0.03125 0
0.0625 0
0.0 1
0.0625 0
0.03125 0
0.125 1
0.0 1
0.0625 1
0.0625 1
0.03125 0
0.03125 0
0.03125 1
0.0625 0
0.0625 0
0.03125 1
0.0625 0
0.03125 0
0.0625 1
0.0625 1
0.0625 1
0.03125 1
0.0625 1
0.03125 1
0.0625 1
0.0625 0
0.03125 1
0.03125 0
0.0625 1
0.0625 1
0.0625 0
0.0625 0
0.0625 0
0.0625 0
0.125 1
0.0625 0
0.03125 1
0.0625 0
0.03125 0
0.0625 0
0.03125 1
0.0625 0
0.03125 1
0.03125 1
0.125 0
0.0625 0
0.0 1
0.0625 0
0.03125 1
0.125 1
0.03125 1
0.0 1
0.0625 0
0.125 0
0.125 0
0.125 1
0.125 0
0.03125 1
0.03125 0
0.03125 0
0.0625 1
0.03125 0
0.03125 0
0.0625 1
0.03125 1
0.0625 0
0.0625 0
0.0 1
0.0 0
0.125 0
0.0 0
0.125 0
0.0 1
0.0 1
0.03125 1
0.03125 1
0.0625 0
0.0625 0
0.125 0
0.03125 0
0.0625 1
0.03125 1
0.0 1
0.03125 0
0.03125 0
0.03125 0
0.0625 1
0.03125 1
0.03125 0
0.03125 1
0.03125 1
0.03125 0
0.0 1
0.03125 0
0.03125 1
0.03125 1
0.0 1
0.0625 1
0.03125 0
0.03125 1
0.03125 0
0.03125 0
0.03125 0
0.0625 1
0.03125 0
0.03125 0
0.03125 1
0.0 1
0.03125 1
0.03125 1
0.03125 0
0.03125 0
0.03125 1
0.0 0
0.03125 0
0.0625 1
0.03125 0
0.03125 0
0.03125 1
0.03125 1
0.03125 1
0.03125 1
0.03125 1
0.0 1
0.03125 1
0.03125 0
0.03125 1
0.0 0
0.03125 1
0.0625 1
0.0 0
0.03125 0
0.0 0
0.0 0
0.0 1
0.0 0
0.0 1
0.03125 0
0.0 0
0.03125 0
0.0 1
0.03125 0
0.03125 1
0.03125 1
0.03125 0
0.03125 0
0.0 1
0.03125 0
0.0 1
0.0 1
0.03125 1
0.03125 1
0.03125 0
0.03125 0
0.03125 0
0.03125 1
0.03125 0
0.0 1
0.03125 0
0.0625 0
0.03125 1
0.03125 0
0.03125 0
0.0 1
0.03125 1
0.03125 0
0.0625 0
0.03125 1
0.03125 0
0.03125 0
0.03125 0
0.03125 0
0.03125 1
0.03125 1
0.03125 1
0.03125 1
0.0 0
0.03125 0
0.03125 0
0.0 0
0.03125 1
0.0625 1
0.03125 1
0.03125 0
0.03125 0
0.03125 0
0.0625 1
0.0 1
0.03125 0
0.03125 1
0.03125 1
0.0 0
0.03125 1
0.0 0
0.0 1
0.0 1
0.0625 1
0.03125 1
0.03125 0
0.0 1
0.03125 0
0.0625 0
0.03125 0
0.0625 1
0.03125 0
0.03125 0
0.125 1
0.03125 1
0.03125 1
0.25 1
0.0625 0
0.125 0
0.03125 1
0.0 0
0.03125 0
0.03125 1
0.03125 0
0.0625 0
0.03125 1
0.03125 1
0.03125 1
0.0 1
0.0 1
0.0625 1
0.03125 1
0.0625 0
0.0 1
0.03125 0
0.03125 1
0.0625 1
0.0 0
0.0 0
0.0 0
0.0 0
0.03125 1
0.03125 0
0.0625 1
0.0 0
0.03125 0
0.0 0
0.0625 1
0.0 0
0.0625 1
0.0 1
0.03125 0
0.0625 0
0.0 1
0.0 0
0.03125 1
0.03125 1
0.0 1
0.0625 1
0.0 0
0.03125 0
0.03125 0
0.03125 1
0.03125 0
0.0 1
0.0 0
0.0 0
0.03125 1
0.0625 0
0.0625 0
0.0 1
0.0 1
0.03125 0
0.0625 0
0.03125 1
0.0 0
0.03125 0
0.0 0
0.03125 0
0.0 1
0.03125 1
0.0 1
0.0625 1
0.0 0
0.0625 0
0.03125 0
0.0625 0
0.0625 1
0.0625 1
0.03125 1
0.0 0
0.0 0
0.03125 0
0.0 1
0.0 1
0.03125 0
0.0 1
0.0 1
0.0 0
0.0 1
0.0625 0
0.0 1
0.0 1
0.0 1
0.0 1
0.0 0
0.0 1
0.03125 0
0.0625 0
0.0 0
0.0 1
0.0 0
0.03125 0
0.0 1
0.0 1
0.0 1
0.0 1
0.0625 0
0.0 0
0.03125 1
0.0 0
0.0 0
0.0 1
0.0 0
0.0625 0
0.0625 1
0.0 1
0.0 1
0.0 1
0.03125 1
0.03125 1
0.0 1
0.0 0
0.0 1
0.0625 0
0.0625 1
0.0625 1
0.0 0
0.03125 0
0.0 0
0.0 0
0.0625 1
0.0 0
0.0 1
0.0625 0
0.0 0
0.0625 0
0.0 1
0.03125 0
0.0 1
0.0 1
0.03125 0
0.0 0
0.0 1
0.0625 0
0.0 1
0.0 1
0.0 1
0.03125 1
0.0625 0
0.03125 0
0.03125 0
0.03125 1
0.03125 0
0.03125 1
0.0 0
0.03125 0
0.0 1
0.0625 0
0.0 0
0.0 1
0.0625 1
0.0625 0
0.0 0
0.03125 1
0.03125 0
0.03125 0
0.03125 0
0.03125 0
0.03125 1
0.0 1
0.0 1
0.0 1
0.0625 0
0.03125 0
0.03125 0
0.0 0
0.03125 1
0.03125 1
0.03125 1
0.0 0
0.0 0
0.03125 0
0.0 1
0.0625 1
0.03125 0
0.03125 1
0.03125 1
0.03125 0
0.0 1
0.03125 0
0.0625 1
0.03125 1
0.03125 1
0.0 1
0.03125 0
0.0 1
0.03125 0
0.03125 0
0.03125 0
0.0 1
0.03125 0
0.03125 0
0.03125 1
0.0625 1
0.03125 1
0.0 1
0.03125 0
0.0625 0
0.03125 1
0.0625 0
0.03125 0
0.0 1
0.03125 0
0.03125 0
0.03125 1
0.03125 1
0.03125 1
0.03125 1
0.03125 1
0.0 1
0.03125 1
0.03125 0
0.0 1
0.0625 0
0.03125 1
0.0 1
0.0625 0
0.03125 0
0.0625 0
0.0625 0
0.0625 1
0.03125 0
0.03125 1
0.03125 0
0.0 0
0.03125 0
0.03125 1
0.03125 0
0.03125 1
0.03125 1
0.03125 0
0.03125 0
0.0625 1
0.03125 0
0.0625 1
0.0 1
0.0 1
0.03125 1
0.03125 0
0.03125 0
0.03125 0
0.03125 1
0.03125 0
0.0 1
0.03125 0
0.0625 0
0.03125 1
0.03125 0
0.03125 0
0.0625 1
0.03125 1
0.03125 0
0.0625 0
0.03125 1
0.03125 0
0.03125 0
0.03125 0
0.03125 0
0.03125 1
0.03125 1
0.03125 1
0.03125 1
0.0 0
0.03125 0
0.03125 0
0.03125 0
0.03125 1
0.0625 1
0.03125 1
0.03125 0
0.0 0
0.03125 0
0.0625 1
0.0 1
0.0625 0
0.0625 1
0.0 1
0.0625 0
0.0625 1
0.0 0
0.0 1
0.0 1
0.03125 1
0.0 1
0.0625 0
0.0625 1
0.0625 0
0.0 0
0.0625 0
0.0625 1
0.0625 0
0.03125 0
0.0 1
0.03125 1
0.0 1
0.0 1
0.0 0
0.0625 0
0.03125 1
0.0 0
0.0625 0
0.0 1
0.0625 0
0.0 0
0.0 1
0.0625 1
0.0 1
0.0 1
0.0 1
0.0625 1
0.0625 1
0.125 0
0.0625 1
0.0 0
0.0 1
0.0 1
0.0 0
0.0 0
0.0 0
0.0 0
0.03125 1
0.03125 0
0.03125 1
0.0 0
0.0625 0
0.0 0
0.03125 1
0.0 0
0.0625 1
0.0625 1
0.0625 0
0.125 0
0.0625 1
0.0 0
0.0625 1
0.03125 1
0.0625 1
0.0 1
0.0 0
0.0625 0
0.0625 0
0.0625 1
0.0625 0
0.0 1
0.0625 0
0.0 0
0.0 1
0.0 0
0.0 0
0.0 1
0.0 1
0.0 0
0.0 0
0.0625 1
0.0 0
0.0 0
0.0 0
0.0625 0
0.0 1
0.0 1
0.0 1
0.0625 1
0.0 0
0.0625 0
0.0625 0
0.03125 0
0.0 1
0.0625 1
0.0 1
0.0625 0
0.0 0
0.03125 0
0.03125 1
0.0 1
0.03125 0
0.03125 1
0.03125 1
0.03125 0
0.0625 1
0.0625 0
0.0 1
0.03125 1
0.03125 1
0.0 1
0.03125 0
0.0 1
0.03125 0
0.03125 0
0.03125 0
0.03125 1
0.03125 0
0.03125 0
0.03125 1
0.0 1
0.03125 1
0.0625 1
0.03125 0
0.0625 0
0.03125 1
0.03125 0
0.03125 0
0.0 1
0.03125 0
0.03125 0
0.03125 1
0.03125 1
0.03125 1
0.03125 1
0.0625 1
0.0625 1
0.03125 1
0.0 0
0.0 1
0.0625 0
0.03125 1
0.03125 1
0.03125 0
0.0 0
0.03125 0
0.03125 0
0.0 1
0.0 0
0.03125 1
0.0625 0
0.0 0
0.0625 0
0.03125 1
0.0625 0
0.03125 1
0.03125 1
0.03125 0
0.0 0
0.03125 1
0.0625 0
0.0625 1
0.0625 1
0.0 1
0.03125 1
0.0625 0
0.03125 0
0.03125 0
0.03125 1
0.03125 0
0.0625 1
0.03125 0
0.0625 0
0.03125 1
0.03125 0
0.03125 0
0.03125 1
0.03125 1
0.03125 0
0.03125 0
0.03125 1
0.03125 0
0.03125 0
0.03125 0
0.03125 0
0.03125 1
0.03125 1
0.03125 1
0.03125 1
0.03125 0
0.03125 0
0.03125 0
0.03125 0
0.03125 1
0.0625 1
0.03125 1
0.03125 0
0.0625 0
0.03125 0
0.03125 1
0.0625 1
0.0 0
0.03125 1
0.03125 1
0.0625 0
0.03125 1
0.03125 0
0.0625 1
0.0 1
0.0625 1
0.03125 1
0.03125 0
0.0625 1
0.0 0
0.0 0
0.03125 0
0.03125 1
0.03125 0
0.03125 0
0.03125 1
0.03125 1
0.03125 1
0.0 1
0.0 0
0.0 0
0.03125 1
0.03125 0
0.03125 0
0.03125 1
0.03125 0
0.0 0
0.03125 1
0.03125 1
0.03125 1
0.0 1
0.0 1
0.0 1
0.03125 1
0.03125 0
0.0625 1
0.03125 0
0.03125 1
0.03125 1
0.03125 0
0.0 0
0.03125 0
0.03125 0
0.03125 1
0.03125 0
0.0625 1
0.03125 0
0.03125 0
0.03125 0
0.0625 1
0.0 0
0.0625 1
0.0 1
0.0 0
0.03125 0
0.03125 1
0.03125 0
0.03125 1
0.03125 1
0.0625 1
0.0625 1
0.03125 0
0.0 0
0.0 0
0.0 1
0.0 0
0.0 1
0.0625 0
0.0 0
0.03125 1
0.0 0
0.0 0
0.03125 1
0.0625 1
0.03125 0
0.03125 0
0.0625 1
0.0 0
0.0 0
0.0 0
0.0 0
0.0 1
0.03125 1
0.0 1
0.0625 1
0.03125 0
0.0 0
0.0 0
0.0625 0
0.0 1
0.0 1
0.0 1
0.0625 0
0.0 0
x0,x1,x2,x3,x4,x5,x6,x7,x8,x9,x10,x11,x12,x13,x14,x15,x16,x17,x18,x19,x20,x21,x22,x23,x24,x25,x26,x27,x28,x29,x30,x31,x32,x33,x34,x35,x36,x37,x38,x39,x40,x41,x42,x43,x44,x45,x46,x47,x48,x49,value,Timestamp
1.570796327,-1.570796327,1.570796327,1.570796327,0,1.570796327,-1.570796327,0,1.570796327,0,3.141592654,-1.570796327,0,1.570796327,-1.570796327,0,1.570796327,3.141592654,0,3.141592654,0,3.141592654,1.570796327,-1.570796327,-1.570796327,3.141592654,-1.570796327,3.141592654,3.141592654,-1.570796327,-1.570796327,1.570796327,3.141592654,-1.570796327,3.141592654,-1.570796327,0,3.141592654,0,1.570796327,1.570796327,0,0,3.141592654,0,0,-1.570796327,3.141592654,1.570796327,1.570796327,0.47291015625,10293
1.570796327,0,3.141592654,3.141592654,3.141592654,0,3.141592654,0,1.570796327,3.141592654,-1.570796327,1.570796327,0,1.570796327,0,1.570796327,3.141592654,0,0,1.570796327,0,-1.570796327,-1.570796327,-1.570796327,1.570796327,-1.570796327,1.570796327,3.141592654,-1.570796327,3.141592654,0,0,3.141592654,0,-1.570796327,1.570796327,3.141592654,1.570796327,0,1.570796327,-1.570796327,0,3.141592654,0,0,1.570796327,1.570796327,-1.570796327,-1.570796327,0,0.467509765625,20190
3.141592654,1.570796327,-1.570796327,0,0,3.141592654,1.570796327,3.141592654,-1.570796327,-1.570796327,0,1.570796327,-1.570796327,1.570796327,3.141592654,1.570796327,0,3.141592654,3.141592654,1.570796327,1.570796327,0,-1.570796327,0,3.141592654,3.141592654,-1.570796327,3.141592654,0,-1.570796327,-1.570796327,0,-1.570796327,3.141592654,0,3.141592654,-1.570796327,1.570796327,-1.570796327,3.141592654,3.141592654,3.141592654,0,0,1.570796327,0,1.570796327,1.570796327,0,-1.570796327,0.4769140625,29909
0,-1.570796327,-1.570796327,3.141592654,3.141592654,-1.570796327,3.141592654,1.570796327,0,3.141592654,1.570796327,-1.570796327,0,1.570796327,-1.570796327,-1.570796327,3.141592654,-1.570796327,3.141592654,1.570796327,0,1.570796327,0,3.141592654,1.570796327,1.570796327,0,3.141592654,-1.570796327,-1.570796327,0,-1.570796327,3.141592654,0,3.141592654,3.141592654,3.141592654,-1.570796327,-1.570796327,-1.570796327,0,3.141592654,-1.570796327,-1.570796327,0,-1.570796327,-1.570796327,0,-1.570796327,-1.570796327,0.470908203125,39953
0,3.141592654,-1.570796327,3.141592654,3.141592654,3.141592654,0,3.141592654,-1.570796327,-1.570796327,0,0,3.141592654,0,1.570796327,1.570796327,0,3.141592654,0,-1.570796327,3.141592654,0,-1.570796327,3.141592654,-1.570796327,3.141592654,3.141592654,1.570796327,3.141592654,0,0,0,-1.570796327,1.570796327,3.141592654,3.141592654,0,1.570796327,0,0,0,3.141592654,1.570796327,3.141592654,1.570796327,-1.570796327,3.141592654,0,0,-1.570796327,0.482138671875,49461
1.570796327,-1.570796327,1.570796327,-1.570796327,3.141592654,3.141592654,3.141592654,3.141592654,1.570796327,3.141592654,-1.570796327,1.570796327,3.141592654,3.141592654,0,0,1.570796327,-1.570796327,-1.570796327,1.570796327,-1.570796327,-1.570796327,-1.570796327,1.570796327,-1.570796327,3.141592654,0,0,-1.570796327,0,1.570796327,1.570796327,0,-1.570796327,-1.570796327,-1.570796327,-1.570796327,3.141592654,-1.570796327,1.570796327,0,1.570796327,0,1.570796327,0,0,3.141592654,3.141592654,-1.570796327,1.570796327,0.48783203125,59885
0,1.570796327,3.141592654,0,3.141592654,3.141592654,1.570796327,1.570796327,3.141592654,-1.570796327,1.570796327,-1.570796327,3.141592654,1.570796327,-1.570796327,-1.570796327,1.570796327,-1.570796327,1.570796327,3.141592654,1.570796327,0,1.570796327,3.141592654,-1.570796327,3.141592654,1.570796327,1.570796327,-1.570796327,-1.570796327,1.570796327,0,-1.570796327,3.141592654,3.141592654,0,0,0,1.570796327,1.570796327,-1.570796327,0,-1.570796327,3.141592654,0,1.570796327,0,-1.570796327,1.570796327,3.141592654,0.47634765625,70172
0,3.141592654,1.570796327,1.570796327,-1.570796327,3.141592654,1.570796327,0,0,0,3.141592654,1.570796327,-1.570796327,1.570796327,0,3.141592654,-1.570796327,3.141592654,1.570796327,-1.570796327,-1.570796327,3.141592654,1.570796327,0,-1.570796327,-1.570796327,0,0,-1.570796327,3.141592654,1.570796327,1.570796327,-1.570796327,3.141592654,1.570796327,0,3.141592654,3.141592654,0,3.141592654,1.570796327,1.570796327,-1.570796327,0,3.141592654,1.570796327,1.570796327,3.141592654,3.141592654,1.570796327,0.47404296875,80635
-1.570796327,3.141592654,-1.570796327,3.141592654,-1.570796327,1.570796327,3.141592654,1.570796327,-1.570796327,0,0,-1.570796327,1.570796327,-1.570796327,0,-1.570796327,-1.570796327,3.141592654,0,3.141592654,3.141592654,1.570796327,0,1.570796327,0,-1.570796327,0,3.141592654,-1.570796327,3.141592654,3.141592654,-1.570796327,3.141592654,1.570796327,0,3.141592654,0,0,3.141592654,0,0,-1.570796327,3.141592654,-1.570796327,3.141592654,0,-1.570796327,3.141592654,0,0,0.47275390625,90525
-1.570796327,3.141592654,-1.570796327,-1.570796327,1.570796327,-1.570796327,1.570796327,-1.570796327,-1.570796327,3.141592654,3.141592654,3.141592654,-1.570796327,3.141592654,1.570796327,3.141592654,3.141592654,0,3.141592654,-1.570796327,-1.570796327,1.570796327,1.570796327,3.141592654,3.141592654,0,1.570796327,0,-1.570796327,0,1.570796327,3.141592654,3.141592654,-1.570796327,0,3.141592654,-1.570796327,3.141592654,1.570796327,-1.570796327,0,3.141592654,1.570796327,3.141592654,0,-1.570796327,3.141592654,0,3.141592654,0,0.46310546875,100925
0,1.570796327,0,3.141592654,0,-1.570796327,-1.570796327,0,-1.570796327,-1.570796327,0,-1.570796327,-1.570796327,-1.570796327,1.570796327,1.570796327,1.570796327,-1.570796327,1.570796327,0,-1.570796327,-1.570796327,0,-1.570796327,3.141592654,0,-1.570796327,0,0,0,3.141592654,3.141592654,-1.570796327,-1.570796327,-1.570796327,-1.570796327,-1.570796327,-1.570796327,0,-1.570796327,-1.570796327,1.570796327,-1.570796327,0,-1.570796327,-1.570796327,3.141592654,1.570796327,-1.570796327,0,0.465546875,110983
-1.570796327,3.141592654,1.570796327,3.141592654,3.141592654,-1.570796327,3.141592654,0,3.141592654,1.570796327,0,1.570796327,1.570796327,-1.570796327,-1.570796327,3.141592654,1.570796327,-1.570796327,1.570796327,1.570796327,1.570796327,-1.570796327,0,3.141592654,3.141592654,1.570796327,3.141592654,0,1.570796327,0,-1.570796327,1.570796327,0,3.141592654,-1.570796327,3.141592654,-1.570796327,0,0,1.570796327,3.141592654,3.141592654,3.141592654,1.570796327,1.570796327,1.570796327,-1.570796327,1.570796327,0,3.141592654,0.4632421875,121489
-1.570796327,1.570796327,3.141592654,3.141592654,3.141592654,3.141592654,1.570796327,1.570796327,-1.570796327,1.570796327,1.570796327,-1.570796327,-1.570796327,0,0,3.141592654,-1.570796327,1.570796327,1.570796327,1.570796327,3.141592654,-1.570796327,1.570796327,0,-1.570796327,1.570796327,3.141592654,-1.570796327,0,3.141592654,0,1.570796327,0,0,-1.570796327,0,0,3.141592654,0,3.141592654,0,3.141592654,3.141592654,-1.570796327,3.141592654,-1.570796327,0,0,0,0,0.461982421875,131308
0,3.141592654,3.141592654,1.570796327,0,3.141592654,3.141592654,1.570796327,0,1.570796327,0,0,3.141592654,1.570796327,3.141592654,0,-1.570796327,-1.570796327,3.141592654,3.141592654,1.570796327,0,1.570796327,3.141592654,1.570796327,-1.570796327,0,3.141592654,3.141592654,0,0,1.570796327,-1.570796327,0,1.570796327,-1.570796327,1.570796327,0,3.141592654,0,-1.570796327,0,3.141592654,3.141592654,-1.570796327,1.570796327,3.141592654,0,-1.570796327,1.570796327,0.473505859375,141195
1.570796327,1.570796327,1.570796327,0,-1.570796327,-1.570796327,-1.570796327,0,1.570796327,0,1.570796327,-1.570796327,-1.570796327,0,1.570796327,0,3.141592654,-1.570796327,-1.570796327,0,-1.570796327,0,3.141592654,0,-1.570796327,0,-1.570796327,3.141592654,1.570796327,0,-1.570796327,0,3.141592654,-1.570796327,0,3.141592654,3.141592654,3.141592654,1.570796327,0,-1.570796327,0,0,0,1.570796327,1.570796327,3.141592654,3.141592654,0,-1.570796327,0.466572265625,150925
0,0,0,0,-1.570796327,1.570796327,-1.570796327,1.570796327,1.570796327,3.141592654,0,3.141592654,1.570796327,-1.570796327,1.570796327,-1.570796327,0,3.141592654,1.570796327,-1.570796327,3.141592654,0,3.141592654,1.570796327,1.570796327,1.570796327,-1.570796327,1.570796327,0,-1.570796327,1.570796327,-1.570796327,-1.570796327,-1.570796327,3.141592654,-1.570796327,3.141592654,1.570796327,0,0,3.141592654,1.570796327,1.570796327,-1.570796327,0,-1.570796327,-1.570796327,1.570796327,3.141592654,0,0.4878125,161207
3.141592654,-1.570796327,1.570796327,1.570796327,0,1.570796327,-1.570796327,0,3.141592654,3.141592654,1.570796327,3.141592654,-1.570796327,1.570796327,-1.570796327,3.141592654,3.141592654,1.570796327,3.141592654,-1.570796327,1.570796327,3.141592654,3.141592654,3.141592654,1.570796327,1.570796327,3.141592654,3.141592654,3.141592654,0,-1.570796327,-1.570796327,0,1.570796327,-1.570796327,1.570796327,-1.570796327,3.141592654,3.141592654,1.570796327,1.570796327,-1.570796327,0,3.141592654,1.570796327,3.141592654,-1.570796327,3.141592654,1.570796327,0,0.4731640625,171880
-1.570796327,0,0,3.141592654,1.570796327,1.570796327,0,0,3.141592654,0,1.570796327,3.141592654,1.570796327,1.570796327,-1.570796327,-1.570796327,3.141592654,-1.570796327,-1.570796327,1.570796327,-1.570796327,0,3.141592654,1.570796327,3.141592654,-1.570796327,0,-1.570796327,3.141592654,-1.570796327,3.141592654,3.141592654,-1.570796327,1.570796327,3.141592654,1.570796327,3.141592654,3.141592654,0,3.141592654,1.570796327,-1.570796327,-1.570796327,-1.570796327,-1.570796327,1.570796327,1.570796327,-1.570796327,-1.570796327,-1.570796327,0.474990234375,182601
3.141592654,-1.570796327,3.141592654,1.570796327,0,0,1.570796327,0,3.141592654,-1.570796327,-1.570796327,0,0,1.570796327,0,3.141592654,0,-1.570796327,3.141592654,1.570796327,1.570796327,0,3.141592654,-1.570796327,-1.570796327,0,1.570796327,3.141592654,3.141592654,-1.570796327,0,3.141592654,-1.570796327,-1.570796327,3.141592654,3.141592654,1.570796327,3.141592654,1.570796327,0,0,-1.570796327,0,1.570796327,-1.570796327,1.570796327,0,-1.570796327,0,1.570796327,0.4707421875,192381
3.141592654,0,1.570796327,1.570796327,-1.570796327,0,1.570796327,1.570796327,3.141592654,1.570796327,0,3.141592654,1.570796327,0,-1.570796327,-1.570796327,1.570796327,-1.570796327,1.570796327,3.141592654,-1.570796327,3.141592654,0,0,1.570796327,-1.570796327,0,0,3.141592654,-1.570796327,-1.570796327,3.141592654,-1.570796327,0,0,0,-1.570796327,1.570796327,3.141592654,3.141592654,0,-1.570796327,1.570796327,0,3.141592654,3.141592654,-1.570796327,1.570796327,0,3.141592654,0.4698828125,198214


End of doe/resume phase, the number of evaluated configurations is: 20

End of DoE - Time   198.2242 sec
End of BO phase - Time     0.0000 sec
End of Bayesian Optimization
Total script time     198.23 sec
Best point found:
x0,x1,x2,x3,x4,x5,x6,x7,x8,x9,x10,x11,x12,x13,x14,x15,x16,x17,x18,x19,x20,x21,x22,x23,x24,x25,x26,x27,x28,x29,x30,x31,x32,x33,x34,x35,x36,x37,x38,x39,x40,x41,x42,x43,x44,x45,x46,x47,x48,x49,value
defaultdict(<class 'list'>, {'x0': [-1.570796327], 'x1': [1.570796327], 'x2': [3.141592654], 'x3': [3.141592654], 'x4': [3.141592654], 'x5': [3.141592654], 'x6': [1.570796327], 'x7': [1.570796327], 'x8': [-1.570796327], 'x9': [1.570796327], 'x10': [1.570796327], 'x11': [-1.570796327], 'x12': [-1.570796327], 'x13': [0], 'x14': [0], 'x15': [3.141592654], 'x16': [-1.570796327], 'x17': [1.570796327], 'x18': [1.570796327], 'x19': [1.570796327], 'x20': [3.141592654], 'x21': [-1.570796327], 'x22': [1.570796327], 'x23': [0], 'x24': [-1.570796327], 'x25': [1.570796327], 'x26': [3.141592654], 'x27': [-1.570796327], 'x28': [0], 'x29': [3.141592654], 'x30': [0], 'x31': [1.570796327], 'x32': [0], 'x33': [0], 'x34': [-1.570796327], 'x35': [0], 'x36': [0], 'x37': [3.141592654], 'x38': [0], 'x39': [3.141592654], 'x40': [0], 'x41': [3.141592654], 'x42': [3.141592654], 'x43': [-1.570796327], 'x44': [3.141592654], 'x45': [-1.570796327], 'x46': [0], 'x47': [0], 'x48': [0], 'x49': [0], 'value': [0.461982421875]})

End of HyperMapper
